2020-05-02 06:05:24.770 [Debug] Loaded new formula from BaseExp * Power(Gain, Level).

--------------------------------------------------------------------------------
2020-05-02 06:05:24.773 [Debug] Loaded new formula from BaseExp * Power(Gain, Level).

--------------------------------------------------------------------------------
Listening on 0.0.0.0:5400.

--------------------------------------------------------------------------------
UPnP Service Initialization Succeeded

--------------------------------------------------------------------------------
Successfully auto port forwarded udp port 5400 using UPnP.

--------------------------------------------------------------------------------
2020-05-02 06:05:28.727 [Info] Connection approved [fa5a58e0-2d2a-4fa0-9672-667b11b8fe6d].

--------------------------------------------------------------------------------
2020-05-02 06:05:28.741 [Debug] Connection established to remote [fa5a58e0-2d2a-4fa0-9672-667b11b8fe6d/127.0.0.1:54989].

--------------------------------------------------------------------------------
2020-05-02 06:05:28.742 [Info] Connected [fa5a58e0-2d2a-4fa0-9672-667b11b8fe6d].

--------------------------------------------------------------------------------
2020-05-02 06:05:29.294 [Debug] StatusChanged: [NetIncomingMessage #0 10 bytes] [Disconnected]

--------------------------------------------------------------------------------
2020-05-02 06:05:29.294 [Debug] Connectioned terminated to remote [fa5a58e0-2d2a-4fa0-9672-667b11b8fe6d/127.0.0.1:54989].

--------------------------------------------------------------------------------
2020-05-02 06:05:29.294 [Info] Disconnected [fa5a58e0-2d2a-4fa0-9672-667b11b8fe6d].

--------------------------------------------------------------------------------
2020-05-02 06:05:29.295 [Debug] Client disconnected ([menu])

--------------------------------------------------------------------------------
2020-05-02 06:05:29.718 [Info] Acquiring context lock... (0ms)

--------------------------------------------------------------------------------
2020-05-02 06:05:29.718 [Info] Acquired. (0ms)

--------------------------------------------------------------------------------
2020-05-02 06:05:29.718 [Info] Beginning context dispose. (0ms)

--------------------------------------------------------------------------------
2020-05-02 06:05:29.719 [Info] Disposing network... (0ms)

--------------------------------------------------------------------------------
2020-05-02 06:05:29.721 [Info] Saving player database... (2ms)

--------------------------------------------------------------------------------
2020-05-02 06:05:29.723 [Info] Saving game database... (4ms)

--------------------------------------------------------------------------------
2020-05-02 06:05:29.724 [Info] Shutting down the API... (4ms)

--------------------------------------------------------------------------------
2020-05-02 06:05:29.724 [Info] Shutting down the console thread... (4ms)

--------------------------------------------------------------------------------
2020-05-02 06:05:30.724 [Info] Base dispose. (1005ms)

--------------------------------------------------------------------------------
2020-05-02 06:05:30.725 [Info] Finished disposing server context. (1005ms)

--------------------------------------------------------------------------------
2020-05-02 06:05:30.725 [Info] GC.SuppressFinalize (1006ms)

--------------------------------------------------------------------------------
2020-05-02 06:05:30.725 [Info] InternalDispose() completed. (1006ms)

--------------------------------------------------------------------------------
2020-05-02 06:05:30.725 [Info] Clearing instance... (1008ms)

--------------------------------------------------------------------------------
2020-05-02 06:05:30.726 [Info] Releasing context lock... (1008ms)

--------------------------------------------------------------------------------
2020-05-02 06:05:30.726 [Info] Released. (1008ms)

--------------------------------------------------------------------------------
