2020-04-26 03:38:36.254 [Info] Connecting to 127.0.0.1:5400...

--------------------------------------------------------------------------------
2020-04-26 03:38:36.553 [Info] Connection approved [00000000-0000-0000-0000-000000000000].

--------------------------------------------------------------------------------
2020-04-26 03:38:36.569 [Debug] Connection established to remote [00000000-0000-0000-0000-000000000000/127.0.0.1:5400].

--------------------------------------------------------------------------------
2020-04-26 03:38:36.569 [Info] Connected [00000000-0000-0000-0000-000000000000].

--------------------------------------------------------------------------------
2020-04-26 03:38:40.622 [Warn] 'Me' is null.

--------------------------------------------------------------------------------
2020-04-26 03:39:35.029 [Debug] StatusChanged: [NetIncomingMessage #17 10 bytes] [Disconnected]

--------------------------------------------------------------------------------
2020-04-26 03:39:35.029 [Debug] Connectioned terminated to remote [00000000-0000-0000-0000-000000000000/127.0.0.1:5400].

--------------------------------------------------------------------------------
2020-04-26 03:39:35.029 [Info] Disconnected [00000000-0000-0000-0000-000000000000].

--------------------------------------------------------------------------------
2020-04-26 03:39:35.063 [Info] Connecting to 127.0.0.1:5400...

--------------------------------------------------------------------------------
2020-04-26 03:39:40.539 [Debug] StatusChanged: [NetIncomingMessage #0 10 bytes] [Disconnecting]

--------------------------------------------------------------------------------
2020-04-26 03:39:40.541 [Debug] StatusChanged: [NetIncomingMessage #0 10 bytes] [Disconnected]

--------------------------------------------------------------------------------
2020-04-26 03:39:40.541 [Debug] Unknown client disconnected (00-00-00-00-00-00-00-00).

--------------------------------------------------------------------------------
2020-04-26 03:39:40.541 [Info] Disconnected [00000000-0000-0000-0000-000000000000].

--------------------------------------------------------------------------------
