2020-05-15 09:42:49.403 [Debug] Loaded new formula from BaseExp * Power(Gain, Level).

--------------------------------------------------------------------------------
2020-05-15 09:42:49.408 [Debug] Loaded new formula from BaseExp * Power(Gain, Level).

--------------------------------------------------------------------------------
Listening on 0.0.0.0:5400.

--------------------------------------------------------------------------------
UPnP Service Initialization Succeeded

--------------------------------------------------------------------------------
Successfully auto port forwarded udp port 5400 using UPnP.

--------------------------------------------------------------------------------
2020-05-15 09:42:53.584 [Info] Connection approved [64bbf65d-92c3-4885-8931-99efd625365c].

--------------------------------------------------------------------------------
2020-05-15 09:42:53.600 [Debug] Connection established to remote [64bbf65d-92c3-4885-8931-99efd625365c/127.0.0.1:54099].

--------------------------------------------------------------------------------
2020-05-15 09:42:53.601 [Info] Connected [64bbf65d-92c3-4885-8931-99efd625365c].

--------------------------------------------------------------------------------
2020-05-15 09:43:11.712 [Debug] Took 323ms to load user and characters from db!

--------------------------------------------------------------------------------
2020-05-15 09:43:11.825 [Debug] Took 15ms to send game data to client!

--------------------------------------------------------------------------------
2020-05-15 09:43:19.858 [Debug] StatusChanged: [NetIncomingMessage #11 10 bytes] [Disconnected]

--------------------------------------------------------------------------------
2020-05-15 09:43:19.859 [Debug] Connectioned terminated to remote [64bbf65d-92c3-4885-8931-99efd625365c/127.0.0.1:54099].

--------------------------------------------------------------------------------
2020-05-15 09:43:19.860 [Info] Disconnected [64bbf65d-92c3-4885-8931-99efd625365c].

--------------------------------------------------------------------------------
2020-05-15 09:43:19.861 [Debug] Client disconnected (asayoh->asayoh)

--------------------------------------------------------------------------------
2020-05-15 09:43:20.559 [Info] Acquiring context lock... (0ms)

--------------------------------------------------------------------------------
2020-05-15 09:43:20.559 [Info] Acquired. (0ms)

--------------------------------------------------------------------------------
2020-05-15 09:43:20.559 [Info] Beginning context dispose. (0ms)

--------------------------------------------------------------------------------
2020-05-15 09:43:20.560 [Info] Disposing network... (0ms)

--------------------------------------------------------------------------------
2020-05-15 09:43:20.562 [Info] Saving player database... (2ms)

--------------------------------------------------------------------------------
2020-05-15 09:43:20.568 [Info] Saving game database... (8ms)

--------------------------------------------------------------------------------
2020-05-15 09:43:20.569 [Info] Shutting down the API... (9ms)

--------------------------------------------------------------------------------
2020-05-15 09:43:20.569 [Info] Base dispose. (9ms)

--------------------------------------------------------------------------------
2020-05-15 09:43:20.570 [Info] Finished disposing server context. (9ms)

--------------------------------------------------------------------------------
2020-05-15 09:43:20.570 [Info] GC.SuppressFinalize (10ms)

--------------------------------------------------------------------------------
2020-05-15 09:43:20.570 [Info] InternalDispose() completed. (10ms)

--------------------------------------------------------------------------------
2020-05-15 09:43:20.570 [Info] Clearing instance... (11ms)

--------------------------------------------------------------------------------
2020-05-15 09:43:20.570 [Info] Releasing context lock... (11ms)

--------------------------------------------------------------------------------
2020-05-15 09:43:20.570 [Info] Released. (11ms)

--------------------------------------------------------------------------------
