2020-04-26 04:10:32.264 [Info] Connecting to 127.0.0.1:5400...

--------------------------------------------------------------------------------
2020-04-26 04:10:32.725 [Info] Connection approved [00000000-0000-0000-0000-000000000000].

--------------------------------------------------------------------------------
2020-04-26 04:10:32.740 [Debug] Connection established to remote [00000000-0000-0000-0000-000000000000/127.0.0.1:5400].

--------------------------------------------------------------------------------
2020-04-26 04:10:32.741 [Info] Connected [00000000-0000-0000-0000-000000000000].

--------------------------------------------------------------------------------
2020-04-26 04:10:38.042 [Warn] 'Me' is null.

--------------------------------------------------------------------------------
2020-04-26 04:10:38.183 [Warn] 'GameUi' is null.

--------------------------------------------------------------------------------
2020-04-26 04:10:38.234 [Warn] 'GameUi' is null.

--------------------------------------------------------------------------------
2020-04-26 04:10:38.235 [Warn] 'GameUi' is null.

--------------------------------------------------------------------------------
2020-04-26 04:12:36.125 [Debug] StatusChanged: [NetIncomingMessage #83 10 bytes] [Disconnecting]

--------------------------------------------------------------------------------
2020-04-26 04:12:36.129 [Debug] StatusChanged: [NetIncomingMessage #84 10 bytes] [Disconnected]

--------------------------------------------------------------------------------
