2020-05-02 05:51:44.431 [Debug] Loaded new formula from BaseExp * Power(Gain, Level).

--------------------------------------------------------------------------------
2020-05-02 05:51:44.559 [Warn] 
  Message: Missing configuration file.
    Stack:    at Intersect.Configuration.ConfigurationHelper.Load[T](T configuration, String filePath, Boolean failQuietly) in C:\Users\wahid\Documents\GitHub\EratheaEngine\Intersect (Core)\Configuration\ConfigurationHelper.cs:line 24
   at Intersect.Server.Web.RestApi.Configuration.ApiConfiguration.Load(String filePath, Boolean failQuietly) in C:\Users\wahid\Documents\GitHub\EratheaEngine\Intersect.Server\Web\RestApi\Configuration\ApiConfiguration.cs:line 183
   at Intersect.Configuration.ConfigurationHelper.LoadSafely[T](T configuration, String filePath) in C:\Users\wahid\Documents\GitHub\EratheaEngine\Intersect (Core)\Configuration\ConfigurationHelper.cs:line 85


--------------------------------------------------------------------------------
Listening on 0.0.0.0:5400.

--------------------------------------------------------------------------------
UPnP Service Initialization Succeeded

--------------------------------------------------------------------------------
Successfully auto port forwarded udp port 5400 using UPnP.

--------------------------------------------------------------------------------
2020-05-02 05:52:16.617 [Info] Connection approved [b75d6250-2564-41f0-a360-ab90eb7d753a].

--------------------------------------------------------------------------------
2020-05-02 05:52:16.631 [Debug] Connection established to remote [b75d6250-2564-41f0-a360-ab90eb7d753a/127.0.0.1:60853].

--------------------------------------------------------------------------------
2020-05-02 05:52:16.632 [Info] Connected [b75d6250-2564-41f0-a360-ab90eb7d753a].

--------------------------------------------------------------------------------
2020-05-02 05:52:18.310 [Debug] StatusChanged: [NetIncomingMessage #0 10 bytes] [Disconnected]

--------------------------------------------------------------------------------
2020-05-02 05:52:18.310 [Debug] Connectioned terminated to remote [b75d6250-2564-41f0-a360-ab90eb7d753a/127.0.0.1:60853].

--------------------------------------------------------------------------------
2020-05-02 05:52:18.310 [Info] Disconnected [b75d6250-2564-41f0-a360-ab90eb7d753a].

--------------------------------------------------------------------------------
2020-05-02 05:52:18.311 [Debug] Client disconnected ([menu])

--------------------------------------------------------------------------------
2020-05-02 05:55:12.357 [Info] Connection approved [da504d5a-af49-4ae4-b466-ac7c4ec084ec].

--------------------------------------------------------------------------------
2020-05-02 05:55:12.380 [Debug] Connection established to remote [da504d5a-af49-4ae4-b466-ac7c4ec084ec/127.0.0.1:51451].

--------------------------------------------------------------------------------
2020-05-02 05:55:12.380 [Info] Connected [da504d5a-af49-4ae4-b466-ac7c4ec084ec].

--------------------------------------------------------------------------------
2020-05-02 05:55:14.559 [Debug] StatusChanged: [NetIncomingMessage #0 10 bytes] [Disconnected]

--------------------------------------------------------------------------------
2020-05-02 05:55:14.559 [Debug] Connectioned terminated to remote [da504d5a-af49-4ae4-b466-ac7c4ec084ec/127.0.0.1:51451].

--------------------------------------------------------------------------------
2020-05-02 05:55:14.559 [Info] Disconnected [da504d5a-af49-4ae4-b466-ac7c4ec084ec].

--------------------------------------------------------------------------------
2020-05-02 05:55:14.559 [Debug] Client disconnected ([menu])

--------------------------------------------------------------------------------
2020-05-02 05:55:54.191 [Info] Acquiring context lock... (0ms)

--------------------------------------------------------------------------------
2020-05-02 05:55:54.191 [Info] Acquired. (0ms)

--------------------------------------------------------------------------------
2020-05-02 05:55:54.191 [Info] Beginning context dispose. (0ms)

--------------------------------------------------------------------------------
2020-05-02 05:55:54.192 [Info] Disposing network... (0ms)

--------------------------------------------------------------------------------
2020-05-02 05:55:54.194 [Info] Saving player database... (2ms)

--------------------------------------------------------------------------------
2020-05-02 05:55:54.195 [Info] Saving game database... (2ms)

--------------------------------------------------------------------------------
2020-05-02 05:55:54.195 [Info] Shutting down the API... (2ms)

--------------------------------------------------------------------------------
2020-05-02 05:55:54.195 [Info] Shutting down the console thread... (3ms)

--------------------------------------------------------------------------------
2020-05-02 05:55:55.195 [Info] Base dispose. (1003ms)

--------------------------------------------------------------------------------
2020-05-02 05:55:55.196 [Info] Finished disposing server context. (1004ms)

--------------------------------------------------------------------------------
2020-05-02 05:55:55.196 [Info] GC.SuppressFinalize (1005ms)

--------------------------------------------------------------------------------
2020-05-02 05:55:55.196 [Info] InternalDispose() completed. (1005ms)

--------------------------------------------------------------------------------
2020-05-02 05:55:55.197 [Info] Clearing instance... (1006ms)

--------------------------------------------------------------------------------
2020-05-02 05:55:55.197 [Info] Releasing context lock... (1006ms)

--------------------------------------------------------------------------------
2020-05-02 05:55:55.197 [Info] Released. (1006ms)

--------------------------------------------------------------------------------
