2020-05-15 09:16:59.797 [Debug] Loaded new formula from BaseExp * Power(Gain, Level).

--------------------------------------------------------------------------------
2020-05-15 09:16:59.800 [Debug] Loaded new formula from BaseExp * Power(Gain, Level).

--------------------------------------------------------------------------------
Listening on 0.0.0.0:5400.

--------------------------------------------------------------------------------
UPnP Service Initialization Succeeded

--------------------------------------------------------------------------------
Successfully auto port forwarded udp port 5400 using UPnP.

--------------------------------------------------------------------------------
2020-05-15 09:17:04.166 [Info] Connection approved [89a93f03-3301-4f79-af01-e22887e32d7e].

--------------------------------------------------------------------------------
2020-05-15 09:17:04.191 [Debug] Connection established to remote [89a93f03-3301-4f79-af01-e22887e32d7e/127.0.0.1:58808].

--------------------------------------------------------------------------------
2020-05-15 09:17:04.191 [Info] Connected [89a93f03-3301-4f79-af01-e22887e32d7e].

--------------------------------------------------------------------------------
2020-05-15 09:17:06.523 [Debug] Took 343ms to load user and characters from db!

--------------------------------------------------------------------------------
2020-05-15 09:17:06.640 [Debug] Took 16ms to send game data to client!

--------------------------------------------------------------------------------
2020-05-15 09:17:20.779 [Debug] StatusChanged: [NetIncomingMessage #0 10 bytes] [Disconnected]

--------------------------------------------------------------------------------
2020-05-15 09:17:20.779 [Debug] Connectioned terminated to remote [89a93f03-3301-4f79-af01-e22887e32d7e/127.0.0.1:58808].

--------------------------------------------------------------------------------
2020-05-15 09:17:20.779 [Info] Disconnected [89a93f03-3301-4f79-af01-e22887e32d7e].

--------------------------------------------------------------------------------
2020-05-15 09:17:20.780 [Debug] Client disconnected (asayoh->asayoh)

--------------------------------------------------------------------------------
2020-05-15 09:17:22.219 [Info] Acquiring context lock... (0ms)

--------------------------------------------------------------------------------
2020-05-15 09:17:22.219 [Info] Acquired. (0ms)

--------------------------------------------------------------------------------
2020-05-15 09:17:22.220 [Info] Beginning context dispose. (0ms)

--------------------------------------------------------------------------------
2020-05-15 09:17:22.221 [Info] Disposing network... (0ms)

--------------------------------------------------------------------------------
2020-05-15 09:17:22.222 [Info] Saving player database... (2ms)

--------------------------------------------------------------------------------
2020-05-15 09:17:22.224 [Info] Saving game database... (4ms)

--------------------------------------------------------------------------------
2020-05-15 09:17:22.225 [Info] Shutting down the API... (4ms)

--------------------------------------------------------------------------------
2020-05-15 09:17:22.225 [Info] Shutting down the console thread... (5ms)

--------------------------------------------------------------------------------
2020-05-15 09:17:23.228 [Info] Base dispose. (1007ms)

--------------------------------------------------------------------------------
2020-05-15 09:17:23.228 [Info] Finished disposing server context. (1007ms)

--------------------------------------------------------------------------------
2020-05-15 09:17:23.228 [Info] GC.SuppressFinalize (1008ms)

--------------------------------------------------------------------------------
2020-05-15 09:17:23.228 [Info] InternalDispose() completed. (1008ms)

--------------------------------------------------------------------------------
2020-05-15 09:17:23.228 [Info] Clearing instance... (1008ms)

--------------------------------------------------------------------------------
2020-05-15 09:17:23.228 [Info] Releasing context lock... (1008ms)

--------------------------------------------------------------------------------
2020-05-15 09:17:23.228 [Info] Released. (1008ms)

--------------------------------------------------------------------------------
