2020-04-26 03:52:23.813 [Info] Connecting to 127.0.0.1:5400...

--------------------------------------------------------------------------------
2020-04-26 03:52:27.289 [Info] Connection approved [00000000-0000-0000-0000-000000000000].

--------------------------------------------------------------------------------
2020-04-26 03:52:27.303 [Debug] Connection established to remote [00000000-0000-0000-0000-000000000000/127.0.0.1:5400].

--------------------------------------------------------------------------------
2020-04-26 03:52:27.304 [Info] Connected [00000000-0000-0000-0000-000000000000].

--------------------------------------------------------------------------------
2020-04-26 03:52:29.477 [Warn] 'Me' is null.

--------------------------------------------------------------------------------
2020-04-26 03:52:29.599 [Warn] 'GameUi' is null.

--------------------------------------------------------------------------------
2020-04-26 03:52:29.654 [Warn] 'GameUi' is null.

--------------------------------------------------------------------------------
2020-04-26 03:52:29.656 [Warn] 'GameUi' is null.

--------------------------------------------------------------------------------
2020-04-26 03:58:55.346 [Debug] StatusChanged: [NetIncomingMessage #34 10 bytes] [Disconnecting]

--------------------------------------------------------------------------------
2020-04-26 03:58:55.350 [Debug] StatusChanged: [NetIncomingMessage #35 10 bytes] [Disconnected]

--------------------------------------------------------------------------------
