2020-05-02 05:55:58.681 [Debug] Loaded new formula from BaseExp * Power(Gain, Level).

--------------------------------------------------------------------------------
2020-05-02 05:55:58.685 [Debug] Loaded new formula from BaseExp * Power(Gain, Level).

--------------------------------------------------------------------------------
Listening on 0.0.0.0:5400.

--------------------------------------------------------------------------------
UPnP Service Initialization Succeeded

--------------------------------------------------------------------------------
Successfully auto port forwarded udp port 5400 using UPnP.

--------------------------------------------------------------------------------
2020-05-02 05:56:03.205 [Info] Connection approved [c3ee15e2-6b7e-4427-9f98-8dbc3dbdfb0b].

--------------------------------------------------------------------------------
2020-05-02 05:56:03.225 [Debug] Connection established to remote [c3ee15e2-6b7e-4427-9f98-8dbc3dbdfb0b/127.0.0.1:51452].

--------------------------------------------------------------------------------
2020-05-02 05:56:03.226 [Info] Connected [c3ee15e2-6b7e-4427-9f98-8dbc3dbdfb0b].

--------------------------------------------------------------------------------
2020-05-02 05:56:05.216 [Debug] StatusChanged: [NetIncomingMessage #0 10 bytes] [Disconnected]

--------------------------------------------------------------------------------
2020-05-02 05:56:05.217 [Debug] Connectioned terminated to remote [c3ee15e2-6b7e-4427-9f98-8dbc3dbdfb0b/127.0.0.1:51452].

--------------------------------------------------------------------------------
2020-05-02 05:56:05.217 [Info] Disconnected [c3ee15e2-6b7e-4427-9f98-8dbc3dbdfb0b].

--------------------------------------------------------------------------------
2020-05-02 05:56:05.219 [Debug] Client disconnected ([menu])

--------------------------------------------------------------------------------
2020-05-02 05:56:05.549 [Info] Acquiring context lock... (0ms)

--------------------------------------------------------------------------------
2020-05-02 05:56:05.549 [Info] Acquired. (0ms)

--------------------------------------------------------------------------------
2020-05-02 05:56:05.549 [Info] Beginning context dispose. (0ms)

--------------------------------------------------------------------------------
2020-05-02 05:56:05.551 [Info] Disposing network... (0ms)

--------------------------------------------------------------------------------
2020-05-02 05:56:05.552 [Info] Saving player database... (2ms)

--------------------------------------------------------------------------------
2020-05-02 05:56:05.554 [Info] Saving game database... (4ms)

--------------------------------------------------------------------------------
2020-05-02 05:56:05.555 [Info] Shutting down the API... (4ms)

--------------------------------------------------------------------------------
2020-05-02 05:56:05.555 [Info] Shutting down the console thread... (4ms)

--------------------------------------------------------------------------------
2020-05-02 05:56:06.557 [Info] Base dispose. (1005ms)

--------------------------------------------------------------------------------
2020-05-02 05:56:06.557 [Info] Finished disposing server context. (1006ms)

--------------------------------------------------------------------------------
2020-05-02 05:56:06.557 [Info] GC.SuppressFinalize (1007ms)

--------------------------------------------------------------------------------
2020-05-02 05:56:06.557 [Info] InternalDispose() completed. (1007ms)

--------------------------------------------------------------------------------
2020-05-02 05:56:06.557 [Info] Clearing instance... (1008ms)

--------------------------------------------------------------------------------
2020-05-02 05:56:06.557 [Info] Releasing context lock... (1008ms)

--------------------------------------------------------------------------------
2020-05-02 05:56:06.557 [Info] Released. (1008ms)

--------------------------------------------------------------------------------
