2020-05-02 06:03:52.110 [Debug] Loaded new formula from BaseExp * Power(Gain, Level).

--------------------------------------------------------------------------------
2020-05-02 06:03:52.115 [Debug] Loaded new formula from BaseExp * Power(Gain, Level).

--------------------------------------------------------------------------------
Listening on 0.0.0.0:5400.

--------------------------------------------------------------------------------
UPnP Service Initialization Succeeded

--------------------------------------------------------------------------------
Successfully auto port forwarded udp port 5400 using UPnP.

--------------------------------------------------------------------------------
2020-05-02 06:03:56.364 [Info] Connection approved [a7216c2c-29f6-451c-bdf6-07e93388eaeb].

--------------------------------------------------------------------------------
2020-05-02 06:03:56.381 [Debug] Connection established to remote [a7216c2c-29f6-451c-bdf6-07e93388eaeb/127.0.0.1:61031].

--------------------------------------------------------------------------------
2020-05-02 06:03:56.381 [Info] Connected [a7216c2c-29f6-451c-bdf6-07e93388eaeb].

--------------------------------------------------------------------------------
2020-05-02 06:03:58.528 [Debug] StatusChanged: [NetIncomingMessage #0 10 bytes] [Disconnected]

--------------------------------------------------------------------------------
2020-05-02 06:03:58.528 [Debug] Connectioned terminated to remote [a7216c2c-29f6-451c-bdf6-07e93388eaeb/127.0.0.1:61031].

--------------------------------------------------------------------------------
2020-05-02 06:03:58.529 [Info] Disconnected [a7216c2c-29f6-451c-bdf6-07e93388eaeb].

--------------------------------------------------------------------------------
2020-05-02 06:03:58.530 [Debug] Client disconnected ([menu])

--------------------------------------------------------------------------------
2020-05-02 06:03:59.016 [Info] Acquiring context lock... (0ms)

--------------------------------------------------------------------------------
2020-05-02 06:03:59.016 [Info] Acquired. (0ms)

--------------------------------------------------------------------------------
2020-05-02 06:03:59.016 [Info] Beginning context dispose. (0ms)

--------------------------------------------------------------------------------
2020-05-02 06:03:59.017 [Info] Disposing network... (0ms)

--------------------------------------------------------------------------------
2020-05-02 06:03:59.019 [Info] Saving player database... (2ms)

--------------------------------------------------------------------------------
2020-05-02 06:03:59.021 [Info] Saving game database... (4ms)

--------------------------------------------------------------------------------
2020-05-02 06:03:59.021 [Info] Shutting down the API... (4ms)

--------------------------------------------------------------------------------
2020-05-02 06:03:59.022 [Info] Shutting down the console thread... (4ms)

--------------------------------------------------------------------------------
2020-05-02 06:04:00.023 [Info] Base dispose. (1005ms)

--------------------------------------------------------------------------------
2020-05-02 06:04:00.023 [Info] Finished disposing server context. (1005ms)

--------------------------------------------------------------------------------
2020-05-02 06:04:00.023 [Info] GC.SuppressFinalize (1006ms)

--------------------------------------------------------------------------------
2020-05-02 06:04:00.023 [Info] InternalDispose() completed. (1006ms)

--------------------------------------------------------------------------------
2020-05-02 06:04:00.023 [Info] Clearing instance... (1007ms)

--------------------------------------------------------------------------------
2020-05-02 06:04:00.023 [Info] Releasing context lock... (1007ms)

--------------------------------------------------------------------------------
2020-05-02 06:04:00.023 [Info] Released. (1007ms)

--------------------------------------------------------------------------------
