2020-05-09 10:25:08.731 [Debug] Loaded new formula from BaseExp * Power(Gain, Level).

--------------------------------------------------------------------------------
2020-05-09 10:25:08.736 [Debug] Loaded new formula from BaseExp * Power(Gain, Level).

--------------------------------------------------------------------------------
Listening on 0.0.0.0:5400.

--------------------------------------------------------------------------------
UPnP Service Initialization Succeeded

--------------------------------------------------------------------------------
Successfully auto port forwarded udp port 5400 using UPnP.

--------------------------------------------------------------------------------
2020-05-09 10:25:13.018 [Info] Connection approved [ff30ec43-5eb2-43a1-8174-178d7d12defa].

--------------------------------------------------------------------------------
2020-05-09 10:25:13.044 [Debug] Connection established to remote [ff30ec43-5eb2-43a1-8174-178d7d12defa/127.0.0.1:60381].

--------------------------------------------------------------------------------
2020-05-09 10:25:13.045 [Info] Connected [ff30ec43-5eb2-43a1-8174-178d7d12defa].

--------------------------------------------------------------------------------
2020-05-09 10:25:14.883 [Debug] Took 330ms to load user and characters from db!

--------------------------------------------------------------------------------
2020-05-09 10:25:15.008 [Debug] Took 22ms to send game data to client!

--------------------------------------------------------------------------------
2020-05-09 10:27:18.856 [Debug] StatusChanged: [NetIncomingMessage #15 10 bytes] [Disconnected]

--------------------------------------------------------------------------------
2020-05-09 10:27:18.857 [Debug] Connectioned terminated to remote [ff30ec43-5eb2-43a1-8174-178d7d12defa/127.0.0.1:60381].

--------------------------------------------------------------------------------
2020-05-09 10:27:18.857 [Info] Disconnected [ff30ec43-5eb2-43a1-8174-178d7d12defa].

--------------------------------------------------------------------------------
2020-05-09 10:27:18.858 [Debug] Client disconnected (asayoh->asayoh)

--------------------------------------------------------------------------------
2020-05-09 10:27:19.663 [Info] Acquiring context lock... (0ms)

--------------------------------------------------------------------------------
2020-05-09 10:27:19.664 [Info] Acquired. (0ms)

--------------------------------------------------------------------------------
2020-05-09 10:27:19.664 [Info] Beginning context dispose. (0ms)

--------------------------------------------------------------------------------
2020-05-09 10:27:19.666 [Info] Disposing network... (0ms)

--------------------------------------------------------------------------------
2020-05-09 10:27:19.670 [Info] Saving player database... (4ms)

--------------------------------------------------------------------------------
2020-05-09 10:27:19.674 [Info] Saving game database... (8ms)

--------------------------------------------------------------------------------
2020-05-09 10:27:19.675 [Info] Shutting down the API... (9ms)

--------------------------------------------------------------------------------
2020-05-09 10:27:19.676 [Info] Shutting down the console thread... (10ms)

--------------------------------------------------------------------------------
2020-05-09 10:27:20.680 [Info] Base dispose. (1014ms)

--------------------------------------------------------------------------------
2020-05-09 10:27:20.680 [Info] Finished disposing server context. (1015ms)

--------------------------------------------------------------------------------
2020-05-09 10:27:20.681 [Info] GC.SuppressFinalize (1016ms)

--------------------------------------------------------------------------------
2020-05-09 10:27:20.681 [Info] InternalDispose() completed. (1017ms)

--------------------------------------------------------------------------------
2020-05-09 10:27:20.681 [Info] Clearing instance... (1017ms)

--------------------------------------------------------------------------------
2020-05-09 10:27:20.682 [Info] Releasing context lock... (1018ms)

--------------------------------------------------------------------------------
2020-05-09 10:27:20.682 [Info] Released. (1018ms)

--------------------------------------------------------------------------------
