2020-04-26 03:50:02.826 [Info] Connecting to 127.0.0.1:5400...

--------------------------------------------------------------------------------
2020-04-26 03:50:12.352 [Info] Connection approved [00000000-0000-0000-0000-000000000000].

--------------------------------------------------------------------------------
2020-04-26 03:50:12.366 [Debug] Connection established to remote [00000000-0000-0000-0000-000000000000/127.0.0.1:5400].

--------------------------------------------------------------------------------
2020-04-26 03:50:12.366 [Info] Connected [00000000-0000-0000-0000-000000000000].

--------------------------------------------------------------------------------
2020-04-26 03:50:14.765 [Warn] 'Me' is null.

--------------------------------------------------------------------------------
2020-04-26 03:50:14.913 [Warn] 'GameUi' is null.

--------------------------------------------------------------------------------
2020-04-26 03:50:14.970 [Warn] 'GameUi' is null.

--------------------------------------------------------------------------------
2020-04-26 03:50:14.972 [Warn] 'GameUi' is null.

--------------------------------------------------------------------------------
2020-04-26 03:50:43.166 [Debug] StatusChanged: [NetIncomingMessage #34 10 bytes] [Disconnecting]

--------------------------------------------------------------------------------
2020-04-26 03:50:43.171 [Debug] StatusChanged: [NetIncomingMessage #35 10 bytes] [Disconnected]

--------------------------------------------------------------------------------
