2020-05-09 10:24:24.254 [Debug] Loaded new formula from BaseExp * Power(Gain, Level).

--------------------------------------------------------------------------------
2020-05-09 10:24:24.257 [Debug] Loaded new formula from BaseExp * Power(Gain, Level).

--------------------------------------------------------------------------------
Listening on 0.0.0.0:5400.

--------------------------------------------------------------------------------
2020-05-09 10:24:28.510 [Info] Connection approved [d003db41-c361-4eb8-b2a3-e575d129442e].

--------------------------------------------------------------------------------
2020-05-09 10:24:28.525 [Debug] Connection established to remote [d003db41-c361-4eb8-b2a3-e575d129442e/127.0.0.1:64720].

--------------------------------------------------------------------------------
2020-05-09 10:24:28.525 [Info] Connected [d003db41-c361-4eb8-b2a3-e575d129442e].

--------------------------------------------------------------------------------
UPnP Service Initialization Succeeded

--------------------------------------------------------------------------------
Successfully auto port forwarded udp port 5400 using UPnP.

--------------------------------------------------------------------------------
2020-05-09 10:24:42.590 [Debug] Took 317ms to load user and characters from db!

--------------------------------------------------------------------------------
2020-05-09 10:24:42.711 [Debug] Took 14ms to send game data to client!

--------------------------------------------------------------------------------
2020-05-09 10:24:45.528 [Debug] StatusChanged: [NetIncomingMessage #0 10 bytes] [Disconnected]

--------------------------------------------------------------------------------
2020-05-09 10:24:45.528 [Debug] Connectioned terminated to remote [d003db41-c361-4eb8-b2a3-e575d129442e/127.0.0.1:64720].

--------------------------------------------------------------------------------
2020-05-09 10:24:45.528 [Info] Disconnected [d003db41-c361-4eb8-b2a3-e575d129442e].

--------------------------------------------------------------------------------
2020-05-09 10:24:45.529 [Debug] Client disconnected (asayoh->asayoh)

--------------------------------------------------------------------------------
2020-05-09 10:24:46.103 [Info] Acquiring context lock... (0ms)

--------------------------------------------------------------------------------
2020-05-09 10:24:46.103 [Info] Acquired. (0ms)

--------------------------------------------------------------------------------
2020-05-09 10:24:46.103 [Info] Beginning context dispose. (0ms)

--------------------------------------------------------------------------------
2020-05-09 10:24:46.104 [Info] Disposing network... (0ms)

--------------------------------------------------------------------------------
2020-05-09 10:24:46.106 [Info] Saving player database... (2ms)

--------------------------------------------------------------------------------
2020-05-09 10:24:46.108 [Info] Saving game database... (4ms)

--------------------------------------------------------------------------------
2020-05-09 10:24:46.109 [Info] Shutting down the API... (4ms)

--------------------------------------------------------------------------------
2020-05-09 10:24:46.109 [Info] Base dispose. (5ms)

--------------------------------------------------------------------------------
2020-05-09 10:24:46.109 [Info] Finished disposing server context. (5ms)

--------------------------------------------------------------------------------
2020-05-09 10:24:46.109 [Info] GC.SuppressFinalize (6ms)

--------------------------------------------------------------------------------
2020-05-09 10:24:46.109 [Info] InternalDispose() completed. (6ms)

--------------------------------------------------------------------------------
2020-05-09 10:24:46.109 [Info] Clearing instance... (6ms)

--------------------------------------------------------------------------------
2020-05-09 10:24:46.109 [Info] Releasing context lock... (6ms)

--------------------------------------------------------------------------------
2020-05-09 10:24:46.109 [Info] Released. (6ms)

--------------------------------------------------------------------------------
