2020-04-26 03:05:52.688 [Debug] Loaded new formula from BaseExp * Power(Gain, Level).

--------------------------------------------------------------------------------
2020-04-26 03:05:52.697 [Debug] Loaded new formula from BaseExp * Power(Gain, Level).

--------------------------------------------------------------------------------
Listening on 0.0.0.0:5400.

--------------------------------------------------------------------------------
UPnP Service Initialization Succeeded

--------------------------------------------------------------------------------
Successfully auto port forwarded udp port 5400 using UPnP.

--------------------------------------------------------------------------------
2020-04-26 03:05:58.472 [Info] Acquiring context lock... (0ms)

--------------------------------------------------------------------------------
2020-04-26 03:05:58.472 [Info] Acquired. (0ms)

--------------------------------------------------------------------------------
2020-04-26 03:05:58.472 [Info] Beginning context dispose. (0ms)

--------------------------------------------------------------------------------
2020-04-26 03:05:58.474 [Info] Disposing network... (0ms)

--------------------------------------------------------------------------------
2020-04-26 03:05:58.477 [Info] Saving player database... (3ms)

--------------------------------------------------------------------------------
2020-04-26 03:05:58.480 [Info] Saving game database... (5ms)

--------------------------------------------------------------------------------
2020-04-26 03:05:58.480 [Info] Shutting down the API... (6ms)

--------------------------------------------------------------------------------
2020-04-26 03:05:58.481 [Info] Base dispose. (6ms)

--------------------------------------------------------------------------------
2020-04-26 03:05:58.481 [Info] Finished disposing server context. (7ms)

--------------------------------------------------------------------------------
2020-04-26 03:05:58.481 [Info] GC.SuppressFinalize (8ms)

--------------------------------------------------------------------------------
2020-04-26 03:05:58.481 [Info] InternalDispose() completed. (8ms)

--------------------------------------------------------------------------------
2020-04-26 03:05:58.481 [Info] Clearing instance... (9ms)

--------------------------------------------------------------------------------
2020-04-26 03:05:58.481 [Info] Releasing context lock... (9ms)

--------------------------------------------------------------------------------
2020-04-26 03:05:58.481 [Info] Released. (9ms)

--------------------------------------------------------------------------------
