2020-04-26 03:26:30.738 [Debug] Loaded new formula from BaseExp * Power(Gain, Level).

--------------------------------------------------------------------------------
2020-04-26 03:26:30.742 [Debug] Loaded new formula from BaseExp * Power(Gain, Level).

--------------------------------------------------------------------------------
Listening on 0.0.0.0:5400.

--------------------------------------------------------------------------------
UPnP Service Initialization Succeeded

--------------------------------------------------------------------------------
Successfully auto port forwarded udp port 5400 using UPnP.

--------------------------------------------------------------------------------
2020-04-26 03:26:34.737 [Info] Connection approved [33397469-5b9a-4bf0-a105-2df7eb591f19].

--------------------------------------------------------------------------------
2020-04-26 03:26:34.750 [Debug] Connection established to remote [33397469-5b9a-4bf0-a105-2df7eb591f19/127.0.0.1:49665].

--------------------------------------------------------------------------------
2020-04-26 03:26:34.750 [Info] Connected [33397469-5b9a-4bf0-a105-2df7eb591f19].

--------------------------------------------------------------------------------
2020-04-26 03:27:15.560 [Debug] Took 7ms to send game data to client!

--------------------------------------------------------------------------------
2020-04-26 03:27:43.246 [Debug] StatusChanged: [NetIncomingMessage #49 10 bytes] [Disconnected]

--------------------------------------------------------------------------------
2020-04-26 03:27:43.246 [Debug] Connectioned terminated to remote [33397469-5b9a-4bf0-a105-2df7eb591f19/127.0.0.1:49665].

--------------------------------------------------------------------------------
2020-04-26 03:27:43.247 [Info] Disconnected [33397469-5b9a-4bf0-a105-2df7eb591f19].

--------------------------------------------------------------------------------
2020-04-26 03:27:43.247 [Debug] Client disconnected (smh->hp)

--------------------------------------------------------------------------------
2020-04-26 03:27:47.258 [Info] Acquiring context lock... (0ms)

--------------------------------------------------------------------------------
2020-04-26 03:27:47.258 [Info] Acquired. (0ms)

--------------------------------------------------------------------------------
2020-04-26 03:27:47.258 [Info] Beginning context dispose. (0ms)

--------------------------------------------------------------------------------
2020-04-26 03:27:47.260 [Info] Disposing network... (0ms)

--------------------------------------------------------------------------------
2020-04-26 03:27:47.262 [Info] Saving player database... (2ms)

--------------------------------------------------------------------------------
2020-04-26 03:27:47.264 [Info] Saving game database... (4ms)

--------------------------------------------------------------------------------
2020-04-26 03:27:47.264 [Info] Shutting down the API... (5ms)

--------------------------------------------------------------------------------
2020-04-26 03:27:47.265 [Info] Base dispose. (5ms)

--------------------------------------------------------------------------------
2020-04-26 03:27:47.265 [Info] Finished disposing server context. (5ms)

--------------------------------------------------------------------------------
2020-04-26 03:27:47.265 [Info] GC.SuppressFinalize (6ms)

--------------------------------------------------------------------------------
2020-04-26 03:27:47.265 [Info] InternalDispose() completed. (6ms)

--------------------------------------------------------------------------------
2020-04-26 03:27:47.265 [Info] Clearing instance... (7ms)

--------------------------------------------------------------------------------
2020-04-26 03:27:47.265 [Info] Releasing context lock... (7ms)

--------------------------------------------------------------------------------
2020-04-26 03:27:47.265 [Info] Released. (7ms)

--------------------------------------------------------------------------------
