2020-04-26 03:59:11.562 [Debug] Loaded new formula from BaseExp * Power(Gain, Level).

--------------------------------------------------------------------------------
2020-04-26 03:59:11.566 [Debug] Loaded new formula from BaseExp * Power(Gain, Level).

--------------------------------------------------------------------------------
Listening on 0.0.0.0:5400.

--------------------------------------------------------------------------------
UPnP Service Initialization Succeeded

--------------------------------------------------------------------------------
2020-04-26 03:59:15.432 [Info] Connection approved [5b6ff2e5-206a-41c9-ac10-70e8ef0c6d76].

--------------------------------------------------------------------------------
2020-04-26 03:59:15.447 [Debug] Connection established to remote [5b6ff2e5-206a-41c9-ac10-70e8ef0c6d76/127.0.0.1:61053].

--------------------------------------------------------------------------------
2020-04-26 03:59:15.447 [Info] Connected [5b6ff2e5-206a-41c9-ac10-70e8ef0c6d76].

--------------------------------------------------------------------------------
Successfully auto port forwarded udp port 5400 using UPnP.

--------------------------------------------------------------------------------
2020-04-26 03:59:17.602 [Debug] Took 381ms to load user and characters from db!

--------------------------------------------------------------------------------
2020-04-26 03:59:17.727 [Debug] Took 19ms to send game data to client!

--------------------------------------------------------------------------------
2020-04-26 03:59:35.747 [Debug] StatusChanged: [NetIncomingMessage #1 22 bytes] [Disconnected]

--------------------------------------------------------------------------------
2020-04-26 03:59:35.747 [Debug] Connectioned terminated to remote [5b6ff2e5-206a-41c9-ac10-70e8ef0c6d76/127.0.0.1:61053].

--------------------------------------------------------------------------------
2020-04-26 03:59:35.748 [Info] Disconnected [5b6ff2e5-206a-41c9-ac10-70e8ef0c6d76].

--------------------------------------------------------------------------------
2020-04-26 03:59:35.748 [Debug] Client disconnected (smh->hp)

--------------------------------------------------------------------------------
2020-04-26 04:08:20.953 [Info] Acquiring context lock... (0ms)

--------------------------------------------------------------------------------
2020-04-26 04:08:20.953 [Info] Acquired. (0ms)

--------------------------------------------------------------------------------
2020-04-26 04:08:20.953 [Info] Beginning context dispose. (0ms)

--------------------------------------------------------------------------------
2020-04-26 04:08:20.955 [Info] Disposing network... (0ms)

--------------------------------------------------------------------------------
2020-04-26 04:08:20.958 [Info] Saving player database... (3ms)

--------------------------------------------------------------------------------
2020-04-26 04:08:20.960 [Info] Saving game database... (5ms)

--------------------------------------------------------------------------------
2020-04-26 04:08:20.960 [Info] Shutting down the API... (5ms)

--------------------------------------------------------------------------------
2020-04-26 04:08:20.961 [Info] Shutting down the console thread... (6ms)

--------------------------------------------------------------------------------
2020-04-26 04:08:21.966 [Info] Base dispose. (1010ms)

--------------------------------------------------------------------------------
2020-04-26 04:08:21.966 [Info] Finished disposing server context. (1010ms)

--------------------------------------------------------------------------------
2020-04-26 04:08:21.966 [Info] GC.SuppressFinalize (1012ms)

--------------------------------------------------------------------------------
2020-04-26 04:08:21.966 [Info] InternalDispose() completed. (1012ms)

--------------------------------------------------------------------------------
2020-04-26 04:08:21.966 [Info] Clearing instance... (1012ms)

--------------------------------------------------------------------------------
2020-04-26 04:08:21.966 [Info] Releasing context lock... (1012ms)

--------------------------------------------------------------------------------
2020-04-26 04:08:21.966 [Info] Released. (1012ms)

--------------------------------------------------------------------------------
