2020-05-02 05:28:12.948 [Debug] Loaded new formula from BaseExp * Power(Gain, Level).

--------------------------------------------------------------------------------
2020-05-02 05:28:12.956 [Debug] Loaded new formula from BaseExp * Power(Gain, Level).

--------------------------------------------------------------------------------
Listening on 0.0.0.0:5400.

--------------------------------------------------------------------------------
UPnP Service Initialization Succeeded

--------------------------------------------------------------------------------
Successfully auto port forwarded udp port 5400 using UPnP.

--------------------------------------------------------------------------------
2020-05-02 05:28:18.868 [Info] Connection approved [7f3a7a59-dea0-4eb5-bc97-b354f57f9aba].

--------------------------------------------------------------------------------
2020-05-02 05:28:18.885 [Debug] Connection established to remote [7f3a7a59-dea0-4eb5-bc97-b354f57f9aba/127.0.0.1:58352].

--------------------------------------------------------------------------------
2020-05-02 05:28:18.885 [Info] Connected [7f3a7a59-dea0-4eb5-bc97-b354f57f9aba].

--------------------------------------------------------------------------------
2020-05-02 05:28:22.642 [Debug] Took 326ms to load user and characters from db!

--------------------------------------------------------------------------------
2020-05-02 05:28:22.752 [Debug] Took 14ms to send game data to client!

--------------------------------------------------------------------------------
2020-05-02 05:29:33.934 [Debug] StatusChanged: [NetIncomingMessage #3 10 bytes] [Disconnected]

--------------------------------------------------------------------------------
2020-05-02 05:29:33.934 [Debug] Connectioned terminated to remote [7f3a7a59-dea0-4eb5-bc97-b354f57f9aba/127.0.0.1:58352].

--------------------------------------------------------------------------------
2020-05-02 05:29:33.934 [Info] Disconnected [7f3a7a59-dea0-4eb5-bc97-b354f57f9aba].

--------------------------------------------------------------------------------
2020-05-02 05:29:33.935 [Debug] Client disconnected (smh->hp)

--------------------------------------------------------------------------------
2020-05-02 05:29:34.727 [Info] Acquiring context lock... (0ms)

--------------------------------------------------------------------------------
2020-05-02 05:29:34.727 [Info] Acquired. (0ms)

--------------------------------------------------------------------------------
2020-05-02 05:29:34.728 [Info] Beginning context dispose. (0ms)

--------------------------------------------------------------------------------
2020-05-02 05:29:34.729 [Info] Disposing network... (0ms)

--------------------------------------------------------------------------------
2020-05-02 05:29:34.731 [Info] Saving player database... (2ms)

--------------------------------------------------------------------------------
2020-05-02 05:29:34.734 [Info] Saving game database... (5ms)

--------------------------------------------------------------------------------
2020-05-02 05:29:34.734 [Info] Shutting down the API... (5ms)

--------------------------------------------------------------------------------
2020-05-02 05:29:34.735 [Info] Shutting down the console thread... (6ms)

--------------------------------------------------------------------------------
2020-05-02 05:29:35.735 [Info] Base dispose. (1006ms)

--------------------------------------------------------------------------------
2020-05-02 05:29:35.735 [Info] Finished disposing server context. (1006ms)

--------------------------------------------------------------------------------
2020-05-02 05:29:35.736 [Info] GC.SuppressFinalize (1008ms)

--------------------------------------------------------------------------------
2020-05-02 05:29:35.736 [Info] InternalDispose() completed. (1008ms)

--------------------------------------------------------------------------------
2020-05-02 05:29:35.736 [Info] Clearing instance... (1008ms)

--------------------------------------------------------------------------------
2020-05-02 05:29:35.736 [Info] Releasing context lock... (1009ms)

--------------------------------------------------------------------------------
2020-05-02 05:29:35.736 [Info] Released. (1009ms)

--------------------------------------------------------------------------------
