2020-04-26 03:25:46.581 [Debug] Loaded new formula from BaseExp * Power(Gain, Level).

--------------------------------------------------------------------------------
2020-04-26 03:25:46.587 [Debug] Loaded new formula from BaseExp * Power(Gain, Level).

--------------------------------------------------------------------------------
Listening on 0.0.0.0:5400.

--------------------------------------------------------------------------------
2020-04-26 03:25:49.570 [Error] 
  Message: Only one usage of each socket address (protocol/network address/port) is normally permitted
    Stack:    at System.Net.Sockets.Socket.DoBind(EndPoint endPointSnapshot, SocketAddress socketAddress)
   at System.Net.Sockets.Socket.Bind(EndPoint localEP)
   at Lidgren.Network.NetPeer.BindSocket(Boolean reBind) in C:\Users\JC Snider\Documents\GitHub\lidgren-network-gen3\Lidgren.Network\NetPeer.Internal.cs:line 148
   at Lidgren.Network.NetPeer.InitializeNetwork() in C:\Users\JC Snider\Documents\GitHub\lidgren-network-gen3\Lidgren.Network\NetPeer.Internal.cs:line 194
   at Lidgren.Network.NetPeer.Start() in C:\Users\JC Snider\Documents\GitHub\lidgren-network-gen3\Lidgren.Network\NetPeer.cs:line 160
   at Intersect.Network.Lidgren.LidgrenInterface.Start() in C:\Users\wahid\Documents\GitHub\EratheaEngine\Intersect.Network\Lidgren\LidgrenInterface.cs:line 164
   at Intersect.Network.AbstractNetwork.<>c.<StartInterfaces>b__50_0(INetworkLayerInterface networkLayerInterface) in C:\Users\wahid\Documents\GitHub\EratheaEngine\Intersect (Core)\Network\AbstractNetwork.cs:line 268
   at System.Collections.Generic.List`1.ForEach(Action`1 action)
   at Intersect.Network.AbstractNetwork.StartInterfaces() in C:\Users\wahid\Documents\GitHub\EratheaEngine\Intersect (Core)\Network\AbstractNetwork.cs:line 268
   at Intersect.Server.Networking.Lidgren.ServerNetwork.Listen() in C:\Users\wahid\Documents\GitHub\EratheaEngine\Intersect.Server\Networking\Lidgren\ServerNetwork.cs:line 45
   at Intersect.Server.Core.ServerContext.InternalStartNetworking() in C:\Users\wahid\Documents\GitHub\EratheaEngine\Intersect.Server\Core\ServerContext.cs:line 218
   at Intersect.Server.Core.ServerContext.InternalStart() in C:\Users\wahid\Documents\GitHub\EratheaEngine\Intersect.Server\Core\ServerContext.cs:line 70


--------------------------------------------------------------------------------
2020-04-26 03:25:49.585 [Info] Acquiring context lock... (0ms)

--------------------------------------------------------------------------------
2020-04-26 03:25:49.585 [Info] Acquired. (0ms)

--------------------------------------------------------------------------------
2020-04-26 03:25:49.586 [Info] Beginning context dispose. (0ms)

--------------------------------------------------------------------------------
2020-04-26 03:25:49.587 [Info] Disposing network... (0ms)

--------------------------------------------------------------------------------
2020-04-26 03:25:49.589 [Info] Saving player database... (2ms)

--------------------------------------------------------------------------------
2020-04-26 03:25:49.592 [Info] Saving game database... (5ms)

--------------------------------------------------------------------------------
2020-04-26 03:25:49.593 [Info] Shutting down the API... (6ms)

--------------------------------------------------------------------------------
2020-04-26 03:25:49.594 [Info] Base dispose. (7ms)

--------------------------------------------------------------------------------
2020-04-26 03:25:49.594 [Info] Finished disposing server context. (7ms)

--------------------------------------------------------------------------------
2020-04-26 03:25:49.594 [Info] GC.SuppressFinalize (8ms)

--------------------------------------------------------------------------------
2020-04-26 03:25:49.594 [Info] InternalDispose() completed. (8ms)

--------------------------------------------------------------------------------
2020-04-26 03:25:49.594 [Info] Clearing instance... (8ms)

--------------------------------------------------------------------------------
2020-04-26 03:25:49.594 [Info] Releasing context lock... (8ms)

--------------------------------------------------------------------------------
2020-04-26 03:25:49.594 [Info] Released. (8ms)

--------------------------------------------------------------------------------
2020-04-26 03:25:49.597 [Error] Received unhandled exception from .

--------------------------------------------------------------------------------
2020-04-26 03:25:49.597 [Error] 
  Message: Only one usage of each socket address (protocol/network address/port) is normally permitted
    Stack:    at System.Net.Sockets.Socket.DoBind(EndPoint endPointSnapshot, SocketAddress socketAddress)
   at System.Net.Sockets.Socket.Bind(EndPoint localEP)
   at Lidgren.Network.NetPeer.BindSocket(Boolean reBind) in C:\Users\JC Snider\Documents\GitHub\lidgren-network-gen3\Lidgren.Network\NetPeer.Internal.cs:line 148
   at Lidgren.Network.NetPeer.InitializeNetwork() in C:\Users\JC Snider\Documents\GitHub\lidgren-network-gen3\Lidgren.Network\NetPeer.Internal.cs:line 194
   at Lidgren.Network.NetPeer.Start() in C:\Users\JC Snider\Documents\GitHub\lidgren-network-gen3\Lidgren.Network\NetPeer.cs:line 160
   at Intersect.Network.Lidgren.LidgrenInterface.Start() in C:\Users\wahid\Documents\GitHub\EratheaEngine\Intersect.Network\Lidgren\LidgrenInterface.cs:line 164
   at Intersect.Network.AbstractNetwork.<>c.<StartInterfaces>b__50_0(INetworkLayerInterface networkLayerInterface) in C:\Users\wahid\Documents\GitHub\EratheaEngine\Intersect (Core)\Network\AbstractNetwork.cs:line 268
   at System.Collections.Generic.List`1.ForEach(Action`1 action)
   at Intersect.Network.AbstractNetwork.StartInterfaces() in C:\Users\wahid\Documents\GitHub\EratheaEngine\Intersect (Core)\Network\AbstractNetwork.cs:line 268
   at Intersect.Server.Networking.Lidgren.ServerNetwork.Listen() in C:\Users\wahid\Documents\GitHub\EratheaEngine\Intersect.Server\Networking\Lidgren\ServerNetwork.cs:line 45
   at Intersect.Server.Core.ServerContext.InternalStartNetworking() in C:\Users\wahid\Documents\GitHub\EratheaEngine\Intersect.Server\Core\ServerContext.cs:line 218
   at Intersect.Server.Core.ServerContext.InternalStart() in C:\Users\wahid\Documents\GitHub\EratheaEngine\Intersect.Server\Core\ServerContext.cs:line 84
   at Intersect.Core.ApplicationContext`1.Start(Boolean lockUntilShutdown) in C:\Users\wahid\Documents\GitHub\EratheaEngine\Intersect (Core)\Core\ApplicationContext.cs:line 50
   at Intersect.Core.ApplicationContext`1.StartWithActionQueue() in C:\Users\wahid\Documents\GitHub\EratheaEngine\Intersect (Core)\Core\ApplicationContext.cs:line 68
   at Intersect.Server.Core.Bootstrapper.Start(String[] args) in C:\Users\wahid\Documents\GitHub\EratheaEngine\Intersect.Server\Core\Bootstrapper.cs:line 60


--------------------------------------------------------------------------------
