2020-05-15 09:19:40.207 [Debug] Loaded new formula from BaseExp * Power(Gain, Level).

--------------------------------------------------------------------------------
2020-05-15 09:19:40.211 [Debug] Loaded new formula from BaseExp * Power(Gain, Level).

--------------------------------------------------------------------------------
Listening on 0.0.0.0:5400.

--------------------------------------------------------------------------------
UPnP Service Initialization Succeeded

--------------------------------------------------------------------------------
Successfully auto port forwarded udp port 5400 using UPnP.

--------------------------------------------------------------------------------
2020-05-15 09:19:51.880 [Info] Connection approved [635730d5-ceea-4f6c-bd68-13eb89201610].

--------------------------------------------------------------------------------
2020-05-15 09:19:51.895 [Debug] Connection established to remote [635730d5-ceea-4f6c-bd68-13eb89201610/127.0.0.1:55095].

--------------------------------------------------------------------------------
2020-05-15 09:19:51.895 [Info] Connected [635730d5-ceea-4f6c-bd68-13eb89201610].

--------------------------------------------------------------------------------
2020-05-15 09:20:24.840 [Info] Connection approved [a6a74f80-8d69-43b4-9d36-3aea74feaba1].

--------------------------------------------------------------------------------
2020-05-15 09:20:24.850 [Debug] Connection established to remote [a6a74f80-8d69-43b4-9d36-3aea74feaba1/127.0.0.1:55096].

--------------------------------------------------------------------------------
2020-05-15 09:20:24.850 [Info] Connected [a6a74f80-8d69-43b4-9d36-3aea74feaba1].

--------------------------------------------------------------------------------
2020-05-15 09:21:24.899 [Debug] Took 6ms to send game data to client!

--------------------------------------------------------------------------------
2020-05-15 09:21:32.278 [Debug] StatusChanged: [NetIncomingMessage #3 10 bytes] [Disconnected]

--------------------------------------------------------------------------------
2020-05-15 09:21:32.278 [Debug] Connectioned terminated to remote [a6a74f80-8d69-43b4-9d36-3aea74feaba1/127.0.0.1:55096].

--------------------------------------------------------------------------------
2020-05-15 09:21:32.278 [Info] Disconnected [a6a74f80-8d69-43b4-9d36-3aea74feaba1].

--------------------------------------------------------------------------------
2020-05-15 09:21:32.279 [Debug] Client disconnected (yoh->yoh)

--------------------------------------------------------------------------------
2020-05-15 09:21:44.279 [Debug] StatusChanged: [NetIncomingMessage #0 10 bytes] [Disconnected]

--------------------------------------------------------------------------------
2020-05-15 09:21:44.279 [Debug] Connectioned terminated to remote [635730d5-ceea-4f6c-bd68-13eb89201610/127.0.0.1:55095].

--------------------------------------------------------------------------------
2020-05-15 09:21:44.279 [Info] Disconnected [635730d5-ceea-4f6c-bd68-13eb89201610].

--------------------------------------------------------------------------------
2020-05-15 09:21:44.279 [Debug] Client disconnected ([menu])

--------------------------------------------------------------------------------
2020-05-15 09:21:47.135 [Info] Connection approved [1e0aeceb-f018-433b-9581-ffd3fa1efe1b].

--------------------------------------------------------------------------------
2020-05-15 09:21:47.142 [Debug] Connection established to remote [1e0aeceb-f018-433b-9581-ffd3fa1efe1b/127.0.0.1:63726].

--------------------------------------------------------------------------------
2020-05-15 09:21:47.142 [Info] Connected [1e0aeceb-f018-433b-9581-ffd3fa1efe1b].

--------------------------------------------------------------------------------
2020-05-15 09:21:57.002 [Debug] Took 6ms to load player from db!

--------------------------------------------------------------------------------
2020-05-15 09:32:11.193 [Info] Connection approved [d3ccb855-54f3-4d9d-8a4e-dff6e09f7336].

--------------------------------------------------------------------------------
2020-05-15 09:32:11.208 [Debug] Connection established to remote [d3ccb855-54f3-4d9d-8a4e-dff6e09f7336/127.0.0.1:54144].

--------------------------------------------------------------------------------
2020-05-15 09:32:11.208 [Info] Connected [d3ccb855-54f3-4d9d-8a4e-dff6e09f7336].

--------------------------------------------------------------------------------
2020-05-15 09:32:29.593 [Debug] Took 2ms to load user and characters from db!

--------------------------------------------------------------------------------
2020-05-15 09:32:29.608 [Debug] Took 0ms to send game data to client!

--------------------------------------------------------------------------------
2020-05-15 09:32:50.154 [Debug] StatusChanged: [NetIncomingMessage #53 10 bytes] [Disconnected]

--------------------------------------------------------------------------------
2020-05-15 09:32:50.154 [Debug] Connectioned terminated to remote [d3ccb855-54f3-4d9d-8a4e-dff6e09f7336/127.0.0.1:54144].

--------------------------------------------------------------------------------
2020-05-15 09:32:50.154 [Info] Disconnected [d3ccb855-54f3-4d9d-8a4e-dff6e09f7336].

--------------------------------------------------------------------------------
2020-05-15 09:32:50.154 [Debug] Client disconnected (yoh->yoh)

--------------------------------------------------------------------------------
2020-05-15 09:33:33.979 [Info] Connection approved [ffb1b602-1405-4714-b805-bbcdcffd27e2].

--------------------------------------------------------------------------------
2020-05-15 09:33:33.988 [Debug] Connection established to remote [ffb1b602-1405-4714-b805-bbcdcffd27e2/127.0.0.1:60588].

--------------------------------------------------------------------------------
2020-05-15 09:33:33.988 [Info] Connected [ffb1b602-1405-4714-b805-bbcdcffd27e2].

--------------------------------------------------------------------------------
2020-05-15 09:33:36.630 [Debug] Took 2ms to load user and characters from db!

--------------------------------------------------------------------------------
2020-05-15 09:33:36.632 [Debug] Took 0ms to send game data to client!

--------------------------------------------------------------------------------
2020-05-15 09:33:43.028 [Debug] StatusChanged: [NetIncomingMessage #16 10 bytes] [Disconnected]

--------------------------------------------------------------------------------
2020-05-15 09:33:43.028 [Debug] Connectioned terminated to remote [ffb1b602-1405-4714-b805-bbcdcffd27e2/127.0.0.1:60588].

--------------------------------------------------------------------------------
2020-05-15 09:33:43.028 [Info] Disconnected [ffb1b602-1405-4714-b805-bbcdcffd27e2].

--------------------------------------------------------------------------------
2020-05-15 09:33:43.028 [Debug] Client disconnected (yoh->yoh)

--------------------------------------------------------------------------------
2020-05-15 09:35:03.244 [Info] Connection approved [f6b5a0fd-2c0b-4693-8f93-53932dd664fc].

--------------------------------------------------------------------------------
2020-05-15 09:35:03.255 [Debug] Connection established to remote [f6b5a0fd-2c0b-4693-8f93-53932dd664fc/127.0.0.1:54854].

--------------------------------------------------------------------------------
2020-05-15 09:35:03.255 [Info] Connected [f6b5a0fd-2c0b-4693-8f93-53932dd664fc].

--------------------------------------------------------------------------------
2020-05-15 09:35:05.725 [Debug] Took 3ms to load user and characters from db!

--------------------------------------------------------------------------------
2020-05-15 09:35:05.726 [Debug] Took 0ms to send game data to client!

--------------------------------------------------------------------------------
2020-05-15 09:35:36.278 [Debug] StatusChanged: [NetIncomingMessage #42 10 bytes] [Disconnected]

--------------------------------------------------------------------------------
2020-05-15 09:35:36.278 [Debug] Connectioned terminated to remote [f6b5a0fd-2c0b-4693-8f93-53932dd664fc/127.0.0.1:54854].

--------------------------------------------------------------------------------
2020-05-15 09:35:36.278 [Info] Disconnected [f6b5a0fd-2c0b-4693-8f93-53932dd664fc].

--------------------------------------------------------------------------------
2020-05-15 09:35:36.278 [Debug] Client disconnected (yoh->yoh)

--------------------------------------------------------------------------------
2020-05-15 09:36:12.185 [Info] Acquiring context lock... (0ms)

--------------------------------------------------------------------------------
2020-05-15 09:36:12.186 [Info] Acquired. (0ms)

--------------------------------------------------------------------------------
2020-05-15 09:36:12.186 [Info] Beginning context dispose. (0ms)

--------------------------------------------------------------------------------
2020-05-15 09:36:12.188 [Info] Disposing network... (0ms)

--------------------------------------------------------------------------------
2020-05-15 09:36:12.189 [Debug] StatusChanged: [NetIncomingMessage #43 10 bytes] [Disconnecting]

--------------------------------------------------------------------------------
2020-05-15 09:36:12.190 [Info] Saving player database... (2ms)

--------------------------------------------------------------------------------
2020-05-15 09:36:12.192 [Info] Saving game database... (4ms)

--------------------------------------------------------------------------------
2020-05-15 09:36:12.192 [Info] Shutting down the API... (5ms)

--------------------------------------------------------------------------------
2020-05-15 09:36:12.193 [Debug] StatusChanged: [NetIncomingMessage #0 10 bytes] [Disconnected]

--------------------------------------------------------------------------------
2020-05-15 09:36:12.193 [Info] Base dispose. (5ms)

--------------------------------------------------------------------------------
2020-05-15 09:36:12.193 [Info] Finished disposing server context. (5ms)

--------------------------------------------------------------------------------
2020-05-15 09:36:12.193 [Info] GC.SuppressFinalize (7ms)

--------------------------------------------------------------------------------
2020-05-15 09:36:12.193 [Info] InternalDispose() completed. (7ms)

--------------------------------------------------------------------------------
2020-05-15 09:36:12.193 [Info] Clearing instance... (7ms)

--------------------------------------------------------------------------------
2020-05-15 09:36:12.193 [Info] Releasing context lock... (7ms)

--------------------------------------------------------------------------------
2020-05-15 09:36:12.193 [Info] Released. (7ms)

--------------------------------------------------------------------------------
