2020-05-02 05:33:10.309 [Debug] Loaded new formula from BaseExp * Power(Gain, Level).

--------------------------------------------------------------------------------
2020-05-02 05:33:10.314 [Debug] Loaded new formula from BaseExp * Power(Gain, Level).

--------------------------------------------------------------------------------
Listening on 0.0.0.0:5400.

--------------------------------------------------------------------------------
UPnP Service Initialization Succeeded

--------------------------------------------------------------------------------
2020-05-02 05:33:13.454 [Info] Connection approved [d1362dc3-595b-4a0f-b1b8-cf4388f82495].

--------------------------------------------------------------------------------
2020-05-02 05:33:13.479 [Debug] Connection established to remote [d1362dc3-595b-4a0f-b1b8-cf4388f82495/127.0.0.1:56384].

--------------------------------------------------------------------------------
2020-05-02 05:33:13.479 [Info] Connected [d1362dc3-595b-4a0f-b1b8-cf4388f82495].

--------------------------------------------------------------------------------
Successfully auto port forwarded udp port 5400 using UPnP.

--------------------------------------------------------------------------------
2020-05-02 05:33:18.411 [Debug] Took 326ms to load user and characters from db!

--------------------------------------------------------------------------------
2020-05-02 05:33:18.520 [Debug] Took 13ms to send game data to client!

--------------------------------------------------------------------------------
2020-05-02 05:33:49.468 [Debug] StatusChanged: [NetIncomingMessage #8 10 bytes] [Disconnected]

--------------------------------------------------------------------------------
2020-05-02 05:33:49.470 [Debug] Connectioned terminated to remote [d1362dc3-595b-4a0f-b1b8-cf4388f82495/127.0.0.1:56384].

--------------------------------------------------------------------------------
2020-05-02 05:33:49.470 [Info] Disconnected [d1362dc3-595b-4a0f-b1b8-cf4388f82495].

--------------------------------------------------------------------------------
2020-05-02 05:33:49.472 [Debug] Client disconnected (smh->hp)

--------------------------------------------------------------------------------
2020-05-02 05:33:49.975 [Info] Acquiring context lock... (0ms)

--------------------------------------------------------------------------------
2020-05-02 05:33:49.975 [Info] Acquired. (0ms)

--------------------------------------------------------------------------------
2020-05-02 05:33:49.975 [Info] Beginning context dispose. (0ms)

--------------------------------------------------------------------------------
