2020-04-26 03:39:38.262 [Debug] Loaded new formula from BaseExp * Power(Gain, Level).

--------------------------------------------------------------------------------
2020-04-26 03:39:38.268 [Debug] Loaded new formula from BaseExp * Power(Gain, Level).

--------------------------------------------------------------------------------
Listening on 0.0.0.0:5400.

--------------------------------------------------------------------------------
UPnP Service Initialization Succeeded

--------------------------------------------------------------------------------
Successfully auto port forwarded udp port 5400 using UPnP.

--------------------------------------------------------------------------------
2020-04-26 03:39:44.788 [Info] Connection approved [62292250-591e-471a-94be-681525348005].

--------------------------------------------------------------------------------
2020-04-26 03:39:44.807 [Debug] Connection established to remote [62292250-591e-471a-94be-681525348005/127.0.0.1:58047].

--------------------------------------------------------------------------------
2020-04-26 03:39:44.808 [Info] Connected [62292250-591e-471a-94be-681525348005].

--------------------------------------------------------------------------------
2020-04-26 03:39:47.771 [Debug] Took 385ms to load user and characters from db!

--------------------------------------------------------------------------------
2020-04-26 03:39:47.897 [Debug] Took 18ms to send game data to client!

--------------------------------------------------------------------------------
2020-04-26 03:40:01.888 [Debug] StatusChanged: [NetIncomingMessage #8 10 bytes] [Disconnected]

--------------------------------------------------------------------------------
2020-04-26 03:40:01.888 [Debug] Connectioned terminated to remote [62292250-591e-471a-94be-681525348005/127.0.0.1:58047].

--------------------------------------------------------------------------------
2020-04-26 03:40:01.889 [Info] Disconnected [62292250-591e-471a-94be-681525348005].

--------------------------------------------------------------------------------
2020-04-26 03:40:01.889 [Debug] Client disconnected (smh->hp)

--------------------------------------------------------------------------------
2020-04-26 03:40:46.823 [Info] Connection approved [8f531692-b797-4f75-84b7-c121ffe72033].

--------------------------------------------------------------------------------
2020-04-26 03:40:46.833 [Debug] Connection established to remote [8f531692-b797-4f75-84b7-c121ffe72033/127.0.0.1:52483].

--------------------------------------------------------------------------------
2020-04-26 03:40:46.834 [Info] Connected [8f531692-b797-4f75-84b7-c121ffe72033].

--------------------------------------------------------------------------------
2020-04-26 03:40:52.228 [Debug] Took 4ms to load user and characters from db!

--------------------------------------------------------------------------------
2020-04-26 03:40:52.230 [Debug] Took 0ms to send game data to client!

--------------------------------------------------------------------------------
2020-04-26 03:41:25.513 [Debug] StatusChanged: [NetIncomingMessage #0 10 bytes] [Disconnected]

--------------------------------------------------------------------------------
2020-04-26 03:41:25.513 [Debug] Connectioned terminated to remote [8f531692-b797-4f75-84b7-c121ffe72033/127.0.0.1:52483].

--------------------------------------------------------------------------------
2020-04-26 03:41:25.513 [Info] Disconnected [8f531692-b797-4f75-84b7-c121ffe72033].

--------------------------------------------------------------------------------
2020-04-26 03:41:25.513 [Debug] Client disconnected (smh->hp)

--------------------------------------------------------------------------------
2020-04-26 03:46:00.069 [Info] Acquiring context lock... (0ms)

--------------------------------------------------------------------------------
2020-04-26 03:46:00.069 [Info] Acquired. (0ms)

--------------------------------------------------------------------------------
2020-04-26 03:46:00.069 [Info] Beginning context dispose. (0ms)

--------------------------------------------------------------------------------
2020-04-26 03:46:00.070 [Info] Disposing network... (0ms)

--------------------------------------------------------------------------------
2020-04-26 03:46:00.072 [Info] Saving player database... (2ms)

--------------------------------------------------------------------------------
2020-04-26 03:46:00.075 [Info] Saving game database... (4ms)

--------------------------------------------------------------------------------
2020-04-26 03:46:00.075 [Info] Shutting down the API... (5ms)

--------------------------------------------------------------------------------
2020-04-26 03:46:00.076 [Info] Shutting down the logic thread... (5ms)

--------------------------------------------------------------------------------
2020-04-26 03:46:00.078 [Info] Base dispose. (7ms)

--------------------------------------------------------------------------------
2020-04-26 03:46:00.078 [Info] Finished disposing server context. (8ms)

--------------------------------------------------------------------------------
2020-04-26 03:46:00.078 [Info] GC.SuppressFinalize (9ms)

--------------------------------------------------------------------------------
2020-04-26 03:46:00.078 [Info] InternalDispose() completed. (9ms)

--------------------------------------------------------------------------------
2020-04-26 03:46:00.079 [Info] Clearing instance... (9ms)

--------------------------------------------------------------------------------
2020-04-26 03:46:00.079 [Info] Releasing context lock... (9ms)

--------------------------------------------------------------------------------
2020-04-26 03:46:00.079 [Info] Released. (9ms)

--------------------------------------------------------------------------------
