2020-05-15 09:18:40.126 [Debug] Loaded new formula from BaseExp * Power(Gain, Level).

--------------------------------------------------------------------------------
2020-05-15 09:18:40.254 [Warn] 
  Message: Missing configuration file.
    Stack:    at Intersect.Configuration.ConfigurationHelper.Load[T](T configuration, String filePath, Boolean failQuietly) in C:\Users\wahid\Documents\GitHub\EratheaEngine\Intersect (Core)\Configuration\ConfigurationHelper.cs:line 24
   at Intersect.Server.Web.RestApi.Configuration.ApiConfiguration.Load(String filePath, Boolean failQuietly) in C:\Users\wahid\Documents\GitHub\EratheaEngine\Intersect.Server\Web\RestApi\Configuration\ApiConfiguration.cs:line 183
   at Intersect.Configuration.ConfigurationHelper.LoadSafely[T](T configuration, String filePath) in C:\Users\wahid\Documents\GitHub\EratheaEngine\Intersect (Core)\Configuration\ConfigurationHelper.cs:line 85


--------------------------------------------------------------------------------
Listening on 0.0.0.0:5400.

--------------------------------------------------------------------------------
UPnP Service Initialization Succeeded

--------------------------------------------------------------------------------
Successfully auto port forwarded udp port 5400 using UPnP.

--------------------------------------------------------------------------------
2020-05-15 09:18:46.521 [Info] Connection approved [c9d8dfcd-531d-45e1-b19b-0cf8ac63f912].

--------------------------------------------------------------------------------
2020-05-15 09:18:46.534 [Debug] Connection established to remote [c9d8dfcd-531d-45e1-b19b-0cf8ac63f912/127.0.0.1:59277].

--------------------------------------------------------------------------------
2020-05-15 09:18:46.535 [Info] Connected [c9d8dfcd-531d-45e1-b19b-0cf8ac63f912].

--------------------------------------------------------------------------------
2020-05-15 09:18:46.663 [Info] Connection approved [716d8a2e-550b-486d-be20-367d7b5e4955].

--------------------------------------------------------------------------------
2020-05-15 09:18:46.669 [Debug] Connection established to remote [716d8a2e-550b-486d-be20-367d7b5e4955/127.0.0.1:59278].

--------------------------------------------------------------------------------
2020-05-15 09:18:46.669 [Info] Connected [716d8a2e-550b-486d-be20-367d7b5e4955].

--------------------------------------------------------------------------------
2020-05-15 09:19:37.277 [Debug] StatusChanged: [NetIncomingMessage #17 10 bytes] [Disconnected]

--------------------------------------------------------------------------------
2020-05-15 09:19:37.278 [Debug] Connectioned terminated to remote [c9d8dfcd-531d-45e1-b19b-0cf8ac63f912/127.0.0.1:59277].

--------------------------------------------------------------------------------
2020-05-15 09:19:37.278 [Info] Disconnected [c9d8dfcd-531d-45e1-b19b-0cf8ac63f912].

--------------------------------------------------------------------------------
2020-05-15 09:19:37.279 [Debug] Client disconnected ([menu])

--------------------------------------------------------------------------------
2020-05-15 09:19:37.699 [Info] Acquiring context lock... (0ms)

--------------------------------------------------------------------------------
2020-05-15 09:19:37.699 [Info] Acquired. (0ms)

--------------------------------------------------------------------------------
2020-05-15 09:19:37.699 [Info] Beginning context dispose. (0ms)

--------------------------------------------------------------------------------
2020-05-15 09:19:37.703 [Info] Disposing network... (1ms)

--------------------------------------------------------------------------------
2020-05-15 09:19:37.706 [Debug] StatusChanged: [NetIncomingMessage #0 10 bytes] [Disconnecting]

--------------------------------------------------------------------------------
2020-05-15 09:19:37.708 [Info] Saving player database... (6ms)

--------------------------------------------------------------------------------
2020-05-15 09:19:37.709 [Info] Saving game database... (7ms)

--------------------------------------------------------------------------------
2020-05-15 09:19:37.709 [Info] Shutting down the API... (7ms)

--------------------------------------------------------------------------------
2020-05-15 09:19:37.710 [Info] Shutting down the console thread... (8ms)

--------------------------------------------------------------------------------
2020-05-15 09:19:37.711 [Debug] StatusChanged: [NetIncomingMessage #0 10 bytes] [Disconnected]

--------------------------------------------------------------------------------
2020-05-15 09:19:38.711 [Info] Base dispose. (1008ms)

--------------------------------------------------------------------------------
2020-05-15 09:19:38.711 [Info] Finished disposing server context. (1009ms)

--------------------------------------------------------------------------------
2020-05-15 09:19:38.711 [Info] GC.SuppressFinalize (1011ms)

--------------------------------------------------------------------------------
2020-05-15 09:19:38.711 [Info] InternalDispose() completed. (1011ms)

--------------------------------------------------------------------------------
2020-05-15 09:19:38.711 [Info] Clearing instance... (1012ms)

--------------------------------------------------------------------------------
2020-05-15 09:19:38.711 [Info] Releasing context lock... (1012ms)

--------------------------------------------------------------------------------
2020-05-15 09:19:38.711 [Info] Released. (1012ms)

--------------------------------------------------------------------------------
