2020-05-02 05:33:57.906 [Debug] Loaded new formula from BaseExp * Power(Gain, Level).

--------------------------------------------------------------------------------
2020-05-02 05:33:57.910 [Debug] Loaded new formula from BaseExp * Power(Gain, Level).

--------------------------------------------------------------------------------
Listening on 0.0.0.0:5400.

--------------------------------------------------------------------------------
UPnP Service Initialization Succeeded

--------------------------------------------------------------------------------
Successfully auto port forwarded udp port 5400 using UPnP.

--------------------------------------------------------------------------------
2020-05-02 05:34:01.680 [Info] Connection approved [d2d4e41a-6fb9-447c-99f4-56326aacf6d0].

--------------------------------------------------------------------------------
2020-05-02 05:34:01.696 [Debug] Connection established to remote [d2d4e41a-6fb9-447c-99f4-56326aacf6d0/127.0.0.1:57315].

--------------------------------------------------------------------------------
2020-05-02 05:34:01.696 [Info] Connected [d2d4e41a-6fb9-447c-99f4-56326aacf6d0].

--------------------------------------------------------------------------------
2020-05-02 05:35:20.172 [Info] Connection approved [47ccc5c9-1501-4202-a196-9f896ca32a5c].

--------------------------------------------------------------------------------
2020-05-02 05:35:20.192 [Debug] Connection established to remote [47ccc5c9-1501-4202-a196-9f896ca32a5c/127.0.0.1:60781].

--------------------------------------------------------------------------------
2020-05-02 05:35:20.192 [Info] Connected [47ccc5c9-1501-4202-a196-9f896ca32a5c].

--------------------------------------------------------------------------------
2020-05-02 05:35:22.013 [Debug] StatusChanged: [NetIncomingMessage #0 10 bytes] [Disconnected]

--------------------------------------------------------------------------------
2020-05-02 05:35:22.013 [Debug] Connectioned terminated to remote [47ccc5c9-1501-4202-a196-9f896ca32a5c/127.0.0.1:60781].

--------------------------------------------------------------------------------
2020-05-02 05:35:22.014 [Info] Disconnected [47ccc5c9-1501-4202-a196-9f896ca32a5c].

--------------------------------------------------------------------------------
2020-05-02 05:35:22.015 [Debug] Client disconnected ([menu])

--------------------------------------------------------------------------------
2020-05-02 05:35:23.011 [Debug] StatusChanged: [NetIncomingMessage #0 10 bytes] [Disconnected]

--------------------------------------------------------------------------------
2020-05-02 05:35:23.011 [Debug] Connectioned terminated to remote [d2d4e41a-6fb9-447c-99f4-56326aacf6d0/127.0.0.1:57315].

--------------------------------------------------------------------------------
2020-05-02 05:35:23.011 [Info] Disconnected [d2d4e41a-6fb9-447c-99f4-56326aacf6d0].

--------------------------------------------------------------------------------
2020-05-02 05:35:23.011 [Debug] Client disconnected ([menu])

--------------------------------------------------------------------------------
2020-05-02 05:35:35.667 [Info] Connection approved [3a834e5a-d1eb-41ee-8073-8401cd4ce8da].

--------------------------------------------------------------------------------
2020-05-02 05:35:35.676 [Debug] Connection established to remote [3a834e5a-d1eb-41ee-8073-8401cd4ce8da/127.0.0.1:60782].

--------------------------------------------------------------------------------
2020-05-02 05:35:35.676 [Info] Connected [3a834e5a-d1eb-41ee-8073-8401cd4ce8da].

--------------------------------------------------------------------------------
2020-05-02 05:35:40.047 [Info] Acquiring context lock... (0ms)

--------------------------------------------------------------------------------
2020-05-02 05:35:40.047 [Info] Acquired. (0ms)

--------------------------------------------------------------------------------
2020-05-02 05:35:40.048 [Info] Beginning context dispose. (0ms)

--------------------------------------------------------------------------------
2020-05-02 05:35:40.050 [Info] Disposing network... (0ms)

--------------------------------------------------------------------------------
2020-05-02 05:35:40.052 [Debug] StatusChanged: [NetIncomingMessage #0 10 bytes] [Disconnecting]

--------------------------------------------------------------------------------
2020-05-02 05:35:40.053 [Info] Saving player database... (4ms)

--------------------------------------------------------------------------------
2020-05-02 05:35:40.057 [Debug] StatusChanged: [NetIncomingMessage #0 10 bytes] [Disconnected]

--------------------------------------------------------------------------------
2020-05-02 05:35:40.057 [Info] Saving game database... (7ms)

--------------------------------------------------------------------------------
2020-05-02 05:35:40.057 [Info] Shutting down the API... (8ms)

--------------------------------------------------------------------------------
2020-05-02 05:35:40.057 [Info] Shutting down the console thread... (8ms)

--------------------------------------------------------------------------------
2020-05-02 05:35:41.068 [Info] Base dispose. (1018ms)

--------------------------------------------------------------------------------
2020-05-02 05:35:41.068 [Info] Finished disposing server context. (1018ms)

--------------------------------------------------------------------------------
2020-05-02 05:35:41.069 [Info] GC.SuppressFinalize (1020ms)

--------------------------------------------------------------------------------
2020-05-02 05:35:41.069 [Info] InternalDispose() completed. (1020ms)

--------------------------------------------------------------------------------
2020-05-02 05:35:41.069 [Info] Clearing instance... (1021ms)

--------------------------------------------------------------------------------
2020-05-02 05:35:41.070 [Info] Releasing context lock... (1022ms)

--------------------------------------------------------------------------------
2020-05-02 05:35:41.070 [Info] Released. (1022ms)

--------------------------------------------------------------------------------
