2020-04-26 03:37:30.584 [Debug] Loaded new formula from BaseExp * Power(Gain, Level).

--------------------------------------------------------------------------------
2020-04-26 03:37:30.590 [Debug] Loaded new formula from BaseExp * Power(Gain, Level).

--------------------------------------------------------------------------------
Listening on 0.0.0.0:5400.

--------------------------------------------------------------------------------
UPnP Service Initialization Succeeded

--------------------------------------------------------------------------------
Successfully auto port forwarded udp port 5400 using UPnP.

--------------------------------------------------------------------------------
2020-04-26 03:37:46.213 [Info] Connection approved [b59ee287-e947-43f4-ae69-7c8e8acf4508].

--------------------------------------------------------------------------------
2020-04-26 03:37:46.230 [Debug] Connection established to remote [b59ee287-e947-43f4-ae69-7c8e8acf4508/127.0.0.1:58039].

--------------------------------------------------------------------------------
2020-04-26 03:37:46.231 [Info] Connected [b59ee287-e947-43f4-ae69-7c8e8acf4508].

--------------------------------------------------------------------------------
2020-04-26 03:38:03.009 [Debug] Took 363ms to load user and characters from db!

--------------------------------------------------------------------------------
2020-04-26 03:38:03.140 [Debug] Took 16ms to send game data to client!

--------------------------------------------------------------------------------
2020-04-26 03:38:27.701 [Debug] StatusChanged: [NetIncomingMessage #0 10 bytes] [Disconnected]

--------------------------------------------------------------------------------
2020-04-26 03:38:27.702 [Debug] Connectioned terminated to remote [b59ee287-e947-43f4-ae69-7c8e8acf4508/127.0.0.1:58039].

--------------------------------------------------------------------------------
2020-04-26 03:38:27.702 [Info] Disconnected [b59ee287-e947-43f4-ae69-7c8e8acf4508].

--------------------------------------------------------------------------------
2020-04-26 03:38:27.703 [Debug] Client disconnected (smh->hp)

--------------------------------------------------------------------------------
2020-04-26 03:38:36.534 [Info] Connection approved [fcd9e485-d937-48b7-93cb-bd4a9e388f3c].

--------------------------------------------------------------------------------
2020-04-26 03:38:36.551 [Debug] Connection established to remote [fcd9e485-d937-48b7-93cb-bd4a9e388f3c/127.0.0.1:58040].

--------------------------------------------------------------------------------
2020-04-26 03:38:36.551 [Info] Connected [fcd9e485-d937-48b7-93cb-bd4a9e388f3c].

--------------------------------------------------------------------------------
2020-04-26 03:38:40.537 [Debug] Took 2ms to load user and characters from db!

--------------------------------------------------------------------------------
2020-04-26 03:38:40.540 [Debug] Took 0ms to send game data to client!

--------------------------------------------------------------------------------
2020-04-26 03:39:34.923 [Info] Acquiring context lock... (0ms)

--------------------------------------------------------------------------------
2020-04-26 03:39:34.923 [Info] Acquired. (0ms)

--------------------------------------------------------------------------------
2020-04-26 03:39:34.923 [Info] Beginning context dispose. (0ms)

--------------------------------------------------------------------------------
2020-04-26 03:39:34.925 [Info] Disposing network... (0ms)

--------------------------------------------------------------------------------
2020-04-26 03:39:34.926 [Debug] StatusChanged: [NetIncomingMessage #11 10 bytes] [Disconnecting]

--------------------------------------------------------------------------------
2020-04-26 03:39:34.927 [Info] Saving player database... (2ms)

--------------------------------------------------------------------------------
2020-04-26 03:39:34.931 [Debug] StatusChanged: [NetIncomingMessage #0 10 bytes] [Disconnected]

--------------------------------------------------------------------------------
2020-04-26 03:39:34.931 [Info] Saving game database... (6ms)

--------------------------------------------------------------------------------
2020-04-26 03:39:34.931 [Info] Shutting down the API... (7ms)

--------------------------------------------------------------------------------
2020-04-26 03:39:34.932 [Info] Base dispose. (7ms)

--------------------------------------------------------------------------------
2020-04-26 03:39:34.932 [Info] Finished disposing server context. (7ms)

--------------------------------------------------------------------------------
2020-04-26 03:39:34.932 [Info] GC.SuppressFinalize (8ms)

--------------------------------------------------------------------------------
2020-04-26 03:39:34.932 [Info] InternalDispose() completed. (8ms)

--------------------------------------------------------------------------------
2020-04-26 03:39:34.932 [Info] Clearing instance... (9ms)

--------------------------------------------------------------------------------
2020-04-26 03:39:34.932 [Info] Releasing context lock... (9ms)

--------------------------------------------------------------------------------
2020-04-26 03:39:34.932 [Info] Released. (9ms)

--------------------------------------------------------------------------------
