2020-04-26 04:08:45.580 [Debug] Loaded new formula from BaseExp * Power(Gain, Level).

--------------------------------------------------------------------------------
2020-04-26 04:08:45.585 [Debug] Loaded new formula from BaseExp * Power(Gain, Level).

--------------------------------------------------------------------------------
Listening on 0.0.0.0:5400.

--------------------------------------------------------------------------------
UPnP Service Initialization Succeeded

--------------------------------------------------------------------------------
Successfully auto port forwarded udp port 5400 using UPnP.

--------------------------------------------------------------------------------
2020-04-26 04:10:17.933 [Info] Acquiring context lock... (0ms)

--------------------------------------------------------------------------------
2020-04-26 04:10:17.933 [Info] Acquired. (0ms)

--------------------------------------------------------------------------------
2020-04-26 04:10:17.933 [Info] Beginning context dispose. (0ms)

--------------------------------------------------------------------------------
2020-04-26 04:10:17.934 [Info] Disposing network... (0ms)

--------------------------------------------------------------------------------
2020-04-26 04:10:17.936 [Info] Saving player database... (2ms)

--------------------------------------------------------------------------------
2020-04-26 04:10:17.938 [Info] Saving game database... (4ms)

--------------------------------------------------------------------------------
2020-04-26 04:10:17.938 [Info] Shutting down the API... (4ms)

--------------------------------------------------------------------------------
2020-04-26 04:10:17.939 [Info] Base dispose. (5ms)

--------------------------------------------------------------------------------
2020-04-26 04:10:17.939 [Info] Finished disposing server context. (5ms)

--------------------------------------------------------------------------------
2020-04-26 04:10:17.939 [Info] GC.SuppressFinalize (6ms)

--------------------------------------------------------------------------------
2020-04-26 04:10:17.939 [Info] InternalDispose() completed. (6ms)

--------------------------------------------------------------------------------
2020-04-26 04:10:17.939 [Info] Clearing instance... (6ms)

--------------------------------------------------------------------------------
2020-04-26 04:10:17.940 [Info] Releasing context lock... (6ms)

--------------------------------------------------------------------------------
2020-04-26 04:10:17.940 [Info] Released. (7ms)

--------------------------------------------------------------------------------
