2020-04-26 03:50:06.970 [Debug] Loaded new formula from BaseExp * Power(Gain, Level).

--------------------------------------------------------------------------------
2020-04-26 03:50:06.974 [Debug] Loaded new formula from BaseExp * Power(Gain, Level).

--------------------------------------------------------------------------------
Listening on 0.0.0.0:5400.

--------------------------------------------------------------------------------
UPnP Service Initialization Succeeded

--------------------------------------------------------------------------------
Successfully auto port forwarded udp port 5400 using UPnP.

--------------------------------------------------------------------------------
2020-04-26 03:50:12.325 [Info] Connection approved [fd79e905-d9b5-4603-9e6c-8b5a613c8609].

--------------------------------------------------------------------------------
2020-04-26 03:50:12.354 [Debug] Connection established to remote [fd79e905-d9b5-4603-9e6c-8b5a613c8609/127.0.0.1:64044].

--------------------------------------------------------------------------------
2020-04-26 03:50:12.355 [Info] Connected [fd79e905-d9b5-4603-9e6c-8b5a613c8609].

--------------------------------------------------------------------------------
2020-04-26 03:50:14.612 [Debug] Took 380ms to load user and characters from db!

--------------------------------------------------------------------------------
2020-04-26 03:50:14.748 [Debug] Took 14ms to send game data to client!

--------------------------------------------------------------------------------
2020-04-26 03:50:43.264 [Debug] StatusChanged: [NetIncomingMessage #9 10 bytes] [Disconnected]

--------------------------------------------------------------------------------
2020-04-26 03:50:43.264 [Debug] Connectioned terminated to remote [fd79e905-d9b5-4603-9e6c-8b5a613c8609/127.0.0.1:64044].

--------------------------------------------------------------------------------
2020-04-26 03:50:43.264 [Info] Disconnected [fd79e905-d9b5-4603-9e6c-8b5a613c8609].

--------------------------------------------------------------------------------
2020-04-26 03:50:43.265 [Debug] Client disconnected (smh->hp)

--------------------------------------------------------------------------------
2020-04-26 03:50:44.520 [Info] Acquiring context lock... (0ms)

--------------------------------------------------------------------------------
2020-04-26 03:50:44.521 [Info] Acquired. (0ms)

--------------------------------------------------------------------------------
2020-04-26 03:50:44.521 [Info] Beginning context dispose. (0ms)

--------------------------------------------------------------------------------
2020-04-26 03:50:44.523 [Info] Disposing network... (0ms)

--------------------------------------------------------------------------------
2020-04-26 03:50:44.526 [Info] Saving player database... (3ms)

--------------------------------------------------------------------------------
2020-04-26 03:50:44.529 [Info] Saving game database... (6ms)

--------------------------------------------------------------------------------
2020-04-26 03:50:44.530 [Info] Shutting down the API... (7ms)

--------------------------------------------------------------------------------
2020-04-26 03:50:44.531 [Info] Base dispose. (8ms)

--------------------------------------------------------------------------------
2020-04-26 03:50:44.531 [Info] Finished disposing server context. (8ms)

--------------------------------------------------------------------------------
2020-04-26 03:50:44.531 [Info] GC.SuppressFinalize (10ms)

--------------------------------------------------------------------------------
2020-04-26 03:50:44.531 [Info] InternalDispose() completed. (10ms)

--------------------------------------------------------------------------------
2020-04-26 03:50:44.531 [Info] Clearing instance... (11ms)

--------------------------------------------------------------------------------
2020-04-26 03:50:44.532 [Info] Releasing context lock... (11ms)

--------------------------------------------------------------------------------
2020-04-26 03:50:44.532 [Info] Released. (11ms)

--------------------------------------------------------------------------------
