2020-05-02 05:29:59.309 [Debug] Loaded new formula from BaseExp * Power(Gain, Level).

--------------------------------------------------------------------------------
2020-05-02 05:29:59.314 [Debug] Loaded new formula from BaseExp * Power(Gain, Level).

--------------------------------------------------------------------------------
Listening on 0.0.0.0:5400.

--------------------------------------------------------------------------------
UPnP Service Initialization Succeeded

--------------------------------------------------------------------------------
Successfully auto port forwarded udp port 5400 using UPnP.

--------------------------------------------------------------------------------
2020-05-02 05:30:03.630 [Info] Connection approved [77e30602-34da-4e52-9cad-7c6854e4b0ea].

--------------------------------------------------------------------------------
2020-05-02 05:30:03.647 [Debug] Connection established to remote [77e30602-34da-4e52-9cad-7c6854e4b0ea/127.0.0.1:63003].

--------------------------------------------------------------------------------
2020-05-02 05:30:03.648 [Info] Connected [77e30602-34da-4e52-9cad-7c6854e4b0ea].

--------------------------------------------------------------------------------
2020-05-02 05:30:07.277 [Debug] Took 320ms to load user and characters from db!

--------------------------------------------------------------------------------
2020-05-02 05:30:07.386 [Debug] Took 14ms to send game data to client!

--------------------------------------------------------------------------------
2020-05-02 05:31:08.091 [Debug] StatusChanged: [NetIncomingMessage #2 10 bytes] [Disconnected]

--------------------------------------------------------------------------------
2020-05-02 05:31:08.091 [Debug] Connectioned terminated to remote [77e30602-34da-4e52-9cad-7c6854e4b0ea/127.0.0.1:63003].

--------------------------------------------------------------------------------
2020-05-02 05:31:08.091 [Info] Disconnected [77e30602-34da-4e52-9cad-7c6854e4b0ea].

--------------------------------------------------------------------------------
2020-05-02 05:31:08.092 [Debug] Client disconnected (smh->hp)

--------------------------------------------------------------------------------
2020-05-02 05:31:09.534 [Info] Acquiring context lock... (0ms)

--------------------------------------------------------------------------------
2020-05-02 05:31:09.535 [Info] Acquired. (0ms)

--------------------------------------------------------------------------------
2020-05-02 05:31:09.536 [Info] Beginning context dispose. (0ms)

--------------------------------------------------------------------------------
2020-05-02 05:31:09.538 [Info] Disposing network... (0ms)

--------------------------------------------------------------------------------
2020-05-02 05:31:09.540 [Info] Saving player database... (2ms)

--------------------------------------------------------------------------------
2020-05-02 05:31:09.542 [Info] Saving game database... (4ms)

--------------------------------------------------------------------------------
2020-05-02 05:31:09.542 [Info] Shutting down the API... (5ms)

--------------------------------------------------------------------------------
2020-05-02 05:31:09.543 [Info] Shutting down the console thread... (5ms)

--------------------------------------------------------------------------------
2020-05-02 05:31:10.543 [Info] Base dispose. (1006ms)

--------------------------------------------------------------------------------
2020-05-02 05:31:10.544 [Info] Finished disposing server context. (1006ms)

--------------------------------------------------------------------------------
2020-05-02 05:31:10.545 [Info] GC.SuppressFinalize (1009ms)

--------------------------------------------------------------------------------
2020-05-02 05:31:10.545 [Info] InternalDispose() completed. (1009ms)

--------------------------------------------------------------------------------
2020-05-02 05:31:10.545 [Info] Clearing instance... (1011ms)

--------------------------------------------------------------------------------
2020-05-02 05:31:10.546 [Info] Releasing context lock... (1011ms)

--------------------------------------------------------------------------------
2020-05-02 05:31:10.546 [Info] Released. (1011ms)

--------------------------------------------------------------------------------
