2020-05-02 05:31:22.261 [Debug] Loaded new formula from BaseExp * Power(Gain, Level).

--------------------------------------------------------------------------------
2020-05-02 05:31:22.266 [Debug] Loaded new formula from BaseExp * Power(Gain, Level).

--------------------------------------------------------------------------------
Listening on 0.0.0.0:5400.

--------------------------------------------------------------------------------
UPnP Service Initialization Succeeded

--------------------------------------------------------------------------------
2020-05-02 05:31:25.473 [Info] Connection approved [b89ffb2f-5d15-4a31-a4ac-b4a6cf90414b].

--------------------------------------------------------------------------------
2020-05-02 05:31:25.502 [Debug] Connection established to remote [b89ffb2f-5d15-4a31-a4ac-b4a6cf90414b/127.0.0.1:53860].

--------------------------------------------------------------------------------
2020-05-02 05:31:25.503 [Info] Connected [b89ffb2f-5d15-4a31-a4ac-b4a6cf90414b].

--------------------------------------------------------------------------------
Successfully auto port forwarded udp port 5400 using UPnP.

--------------------------------------------------------------------------------
2020-05-02 05:31:28.158 [Debug] Took 325ms to load user and characters from db!

--------------------------------------------------------------------------------
2020-05-02 05:31:28.280 [Debug] Took 14ms to send game data to client!

--------------------------------------------------------------------------------
2020-05-02 05:32:16.184 [Debug] StatusChanged: [NetIncomingMessage #4 10 bytes] [Disconnected]

--------------------------------------------------------------------------------
2020-05-02 05:32:16.185 [Debug] Connectioned terminated to remote [b89ffb2f-5d15-4a31-a4ac-b4a6cf90414b/127.0.0.1:53860].

--------------------------------------------------------------------------------
2020-05-02 05:32:16.185 [Info] Disconnected [b89ffb2f-5d15-4a31-a4ac-b4a6cf90414b].

--------------------------------------------------------------------------------
2020-05-02 05:32:16.186 [Debug] Client disconnected (smh->hp)

--------------------------------------------------------------------------------
2020-05-02 05:32:16.679 [Info] Acquiring context lock... (0ms)

--------------------------------------------------------------------------------
2020-05-02 05:32:16.679 [Info] Acquired. (0ms)

--------------------------------------------------------------------------------
2020-05-02 05:32:16.679 [Info] Beginning context dispose. (0ms)

--------------------------------------------------------------------------------
2020-05-02 05:32:16.680 [Info] Disposing network... (0ms)

--------------------------------------------------------------------------------
2020-05-02 05:32:16.682 [Info] Saving player database... (2ms)

--------------------------------------------------------------------------------
2020-05-02 05:32:16.694 [Info] Saving game database... (13ms)

--------------------------------------------------------------------------------
2020-05-02 05:32:16.694 [Info] Shutting down the API... (14ms)

--------------------------------------------------------------------------------
2020-05-02 05:32:16.694 [Info] Shutting down the console thread... (14ms)

--------------------------------------------------------------------------------
2020-05-02 05:32:17.695 [Info] Base dispose. (1015ms)

--------------------------------------------------------------------------------
2020-05-02 05:32:17.695 [Info] Finished disposing server context. (1015ms)

--------------------------------------------------------------------------------
2020-05-02 05:32:17.695 [Info] GC.SuppressFinalize (1016ms)

--------------------------------------------------------------------------------
2020-05-02 05:32:17.695 [Info] InternalDispose() completed. (1016ms)

--------------------------------------------------------------------------------
2020-05-02 05:32:17.696 [Info] Clearing instance... (1016ms)

--------------------------------------------------------------------------------
2020-05-02 05:32:17.696 [Info] Releasing context lock... (1017ms)

--------------------------------------------------------------------------------
2020-05-02 05:32:17.696 [Info] Released. (1017ms)

--------------------------------------------------------------------------------
