2020-04-26 03:50:54.365 [Debug] Loaded new formula from BaseExp * Power(Gain, Level).

--------------------------------------------------------------------------------
2020-04-26 03:50:54.369 [Debug] Loaded new formula from BaseExp * Power(Gain, Level).

--------------------------------------------------------------------------------
Listening on 0.0.0.0:5400.

--------------------------------------------------------------------------------
UPnP Service Initialization Succeeded

--------------------------------------------------------------------------------
Successfully auto port forwarded udp port 5400 using UPnP.

--------------------------------------------------------------------------------
2020-04-26 03:51:00.421 [Info] Connection approved [a7797082-20d9-4f1a-bd8f-1b868fa45d7b].

--------------------------------------------------------------------------------
2020-04-26 03:51:00.445 [Debug] Connection established to remote [a7797082-20d9-4f1a-bd8f-1b868fa45d7b/127.0.0.1:64051].

--------------------------------------------------------------------------------
2020-04-26 03:51:00.446 [Info] Connected [a7797082-20d9-4f1a-bd8f-1b868fa45d7b].

--------------------------------------------------------------------------------
2020-04-26 03:51:02.656 [Debug] Took 378ms to load user and characters from db!

--------------------------------------------------------------------------------
2020-04-26 03:51:02.783 [Debug] Took 16ms to send game data to client!

--------------------------------------------------------------------------------
2020-04-26 03:52:03.981 [Debug] StatusChanged: [NetIncomingMessage #1 10 bytes] [Disconnected]

--------------------------------------------------------------------------------
2020-04-26 03:52:03.981 [Debug] Connectioned terminated to remote [a7797082-20d9-4f1a-bd8f-1b868fa45d7b/127.0.0.1:64051].

--------------------------------------------------------------------------------
2020-04-26 03:52:03.981 [Info] Disconnected [a7797082-20d9-4f1a-bd8f-1b868fa45d7b].

--------------------------------------------------------------------------------
2020-04-26 03:52:03.982 [Debug] Client disconnected (smh->hp)

--------------------------------------------------------------------------------
2020-04-26 03:52:04.606 [Info] Acquiring context lock... (0ms)

--------------------------------------------------------------------------------
2020-04-26 03:52:04.606 [Info] Acquired. (0ms)

--------------------------------------------------------------------------------
2020-04-26 03:52:04.606 [Info] Beginning context dispose. (0ms)

--------------------------------------------------------------------------------
2020-04-26 03:52:04.607 [Info] Disposing network... (0ms)

--------------------------------------------------------------------------------
2020-04-26 03:52:04.609 [Info] Saving player database... (2ms)

--------------------------------------------------------------------------------
2020-04-26 03:52:04.612 [Info] Saving game database... (4ms)

--------------------------------------------------------------------------------
2020-04-26 03:52:04.612 [Info] Shutting down the API... (4ms)

--------------------------------------------------------------------------------
2020-04-26 03:52:04.612 [Info] Base dispose. (5ms)

--------------------------------------------------------------------------------
2020-04-26 03:52:04.612 [Info] Finished disposing server context. (5ms)

--------------------------------------------------------------------------------
2020-04-26 03:52:04.613 [Info] GC.SuppressFinalize (6ms)

--------------------------------------------------------------------------------
2020-04-26 03:52:04.613 [Info] InternalDispose() completed. (6ms)

--------------------------------------------------------------------------------
2020-04-26 03:52:04.613 [Info] Clearing instance... (6ms)

--------------------------------------------------------------------------------
2020-04-26 03:52:04.613 [Info] Releasing context lock... (6ms)

--------------------------------------------------------------------------------
2020-04-26 03:52:04.613 [Info] Released. (6ms)

--------------------------------------------------------------------------------
