2020-04-26 03:52:21.817 [Debug] Loaded new formula from BaseExp * Power(Gain, Level).

--------------------------------------------------------------------------------
2020-04-26 03:52:21.822 [Debug] Loaded new formula from BaseExp * Power(Gain, Level).

--------------------------------------------------------------------------------
Listening on 0.0.0.0:5400.

--------------------------------------------------------------------------------
UPnP Service Initialization Succeeded

--------------------------------------------------------------------------------
Successfully auto port forwarded udp port 5400 using UPnP.

--------------------------------------------------------------------------------
2020-04-26 03:52:27.266 [Info] Connection approved [b3602beb-3170-4df1-aa22-05f8d6399b6a].

--------------------------------------------------------------------------------
2020-04-26 03:52:27.290 [Debug] Connection established to remote [b3602beb-3170-4df1-aa22-05f8d6399b6a/127.0.0.1:64057].

--------------------------------------------------------------------------------
2020-04-26 03:52:27.290 [Info] Connected [b3602beb-3170-4df1-aa22-05f8d6399b6a].

--------------------------------------------------------------------------------
2020-04-26 03:52:29.323 [Debug] Took 372ms to load user and characters from db!

--------------------------------------------------------------------------------
2020-04-26 03:52:29.467 [Debug] Took 34ms to send game data to client!

--------------------------------------------------------------------------------
2020-04-26 03:58:48.874 [Info] Acquiring context lock... (0ms)

--------------------------------------------------------------------------------
2020-04-26 03:58:48.875 [Info] Acquired. (0ms)

--------------------------------------------------------------------------------
2020-04-26 03:58:48.875 [Info] Beginning context dispose. (0ms)

--------------------------------------------------------------------------------
