2020-04-26 04:10:27.476 [Debug] Loaded new formula from BaseExp * Power(Gain, Level).

--------------------------------------------------------------------------------
2020-04-26 04:10:27.481 [Debug] Loaded new formula from BaseExp * Power(Gain, Level).

--------------------------------------------------------------------------------
Listening on 0.0.0.0:5400.

--------------------------------------------------------------------------------
UPnP Service Initialization Succeeded

--------------------------------------------------------------------------------
Successfully auto port forwarded udp port 5400 using UPnP.

--------------------------------------------------------------------------------
2020-04-26 04:10:32.703 [Info] Connection approved [cfe9d1f2-43fb-4e46-b9d9-104f635fe854].

--------------------------------------------------------------------------------
2020-04-26 04:10:32.727 [Debug] Connection established to remote [cfe9d1f2-43fb-4e46-b9d9-104f635fe854/127.0.0.1:58994].

--------------------------------------------------------------------------------
2020-04-26 04:10:32.727 [Info] Connected [cfe9d1f2-43fb-4e46-b9d9-104f635fe854].

--------------------------------------------------------------------------------
2020-04-26 04:10:37.889 [Debug] Took 381ms to load user and characters from db!

--------------------------------------------------------------------------------
2020-04-26 04:10:38.019 [Debug] Took 16ms to send game data to client!

--------------------------------------------------------------------------------
2020-04-26 04:12:36.169 [Debug] StatusChanged: [NetIncomingMessage #54 10 bytes] [Disconnected]

--------------------------------------------------------------------------------
2020-04-26 04:12:36.169 [Debug] Connectioned terminated to remote [cfe9d1f2-43fb-4e46-b9d9-104f635fe854/127.0.0.1:58994].

--------------------------------------------------------------------------------
2020-04-26 04:12:36.170 [Info] Disconnected [cfe9d1f2-43fb-4e46-b9d9-104f635fe854].

--------------------------------------------------------------------------------
2020-04-26 04:12:36.170 [Debug] Client disconnected (smh->hp)

--------------------------------------------------------------------------------
2020-04-26 04:15:50.413 [Info] Acquiring context lock... (0ms)

--------------------------------------------------------------------------------
2020-04-26 04:15:50.413 [Info] Acquired. (0ms)

--------------------------------------------------------------------------------
2020-04-26 04:15:50.413 [Info] Beginning context dispose. (0ms)

--------------------------------------------------------------------------------
2020-04-26 04:15:50.415 [Info] Disposing network... (0ms)

--------------------------------------------------------------------------------
2020-04-26 04:15:50.417 [Info] Saving player database... (2ms)

--------------------------------------------------------------------------------
2020-04-26 04:15:50.419 [Info] Saving game database... (4ms)

--------------------------------------------------------------------------------
2020-04-26 04:15:50.419 [Info] Shutting down the API... (4ms)

--------------------------------------------------------------------------------
2020-04-26 04:15:50.420 [Info] Shutting down the logic thread... (5ms)

--------------------------------------------------------------------------------
2020-04-26 04:15:50.421 [Info] Base dispose. (6ms)

--------------------------------------------------------------------------------
2020-04-26 04:15:50.421 [Info] Finished disposing server context. (6ms)

--------------------------------------------------------------------------------
2020-04-26 04:15:50.421 [Info] GC.SuppressFinalize (7ms)

--------------------------------------------------------------------------------
2020-04-26 04:15:50.421 [Info] InternalDispose() completed. (7ms)

--------------------------------------------------------------------------------
2020-04-26 04:15:50.421 [Info] Clearing instance... (8ms)

--------------------------------------------------------------------------------
2020-04-26 04:15:50.422 [Info] Releasing context lock... (8ms)

--------------------------------------------------------------------------------
2020-04-26 04:15:50.422 [Info] Released. (8ms)

--------------------------------------------------------------------------------
