2020-05-15 09:43:31.972 [Debug] Loaded new formula from BaseExp * Power(Gain, Level).

--------------------------------------------------------------------------------
2020-05-15 09:43:31.976 [Debug] Loaded new formula from BaseExp * Power(Gain, Level).

--------------------------------------------------------------------------------
Listening on 0.0.0.0:5400.

--------------------------------------------------------------------------------
UPnP Service Initialization Succeeded

--------------------------------------------------------------------------------
Successfully auto port forwarded udp port 5400 using UPnP.

--------------------------------------------------------------------------------
2020-05-15 09:43:41.491 [Info] Connection approved [0cde7def-2eb4-407c-8bc3-1fb3307a4abe].

--------------------------------------------------------------------------------
2020-05-15 09:43:41.505 [Debug] Connection established to remote [0cde7def-2eb4-407c-8bc3-1fb3307a4abe/127.0.0.1:54108].

--------------------------------------------------------------------------------
2020-05-15 09:43:41.505 [Info] Connected [0cde7def-2eb4-407c-8bc3-1fb3307a4abe].

--------------------------------------------------------------------------------
2020-05-15 09:44:06.652 [Info] Connection approved [d9e58048-6e42-4bd4-9d61-fe505d9cac2e].

--------------------------------------------------------------------------------
2020-05-15 09:44:06.662 [Debug] Connection established to remote [d9e58048-6e42-4bd4-9d61-fe505d9cac2e/127.0.0.1:56910].

--------------------------------------------------------------------------------
2020-05-15 09:44:06.663 [Info] Connected [d9e58048-6e42-4bd4-9d61-fe505d9cac2e].

--------------------------------------------------------------------------------
2020-05-15 09:44:13.794 [Debug] StatusChanged: [NetIncomingMessage #0 10 bytes] [Disconnected]

--------------------------------------------------------------------------------
2020-05-15 09:44:13.794 [Debug] Connectioned terminated to remote [0cde7def-2eb4-407c-8bc3-1fb3307a4abe/127.0.0.1:54108].

--------------------------------------------------------------------------------
2020-05-15 09:44:13.794 [Info] Disconnected [0cde7def-2eb4-407c-8bc3-1fb3307a4abe].

--------------------------------------------------------------------------------
2020-05-15 09:44:13.795 [Debug] Client disconnected ([menu])

--------------------------------------------------------------------------------
2020-05-15 09:44:33.269 [Debug] Took 301ms to load user and characters from db!

--------------------------------------------------------------------------------
2020-05-15 09:44:33.380 [Debug] Took 15ms to send game data to client!

--------------------------------------------------------------------------------
2020-05-15 09:45:15.543 [Debug] StatusChanged: [NetIncomingMessage #70 10 bytes] [Disconnected]

--------------------------------------------------------------------------------
2020-05-15 09:45:15.543 [Debug] Connectioned terminated to remote [d9e58048-6e42-4bd4-9d61-fe505d9cac2e/127.0.0.1:56910].

--------------------------------------------------------------------------------
2020-05-15 09:45:15.543 [Info] Disconnected [d9e58048-6e42-4bd4-9d61-fe505d9cac2e].

--------------------------------------------------------------------------------
2020-05-15 09:45:15.543 [Debug] Client disconnected (yoh->yoh)

--------------------------------------------------------------------------------
2020-05-15 10:06:54.295 [Info] Acquiring context lock... (0ms)

--------------------------------------------------------------------------------
2020-05-15 10:06:54.295 [Info] Acquired. (0ms)

--------------------------------------------------------------------------------
2020-05-15 10:06:54.295 [Info] Beginning context dispose. (0ms)

--------------------------------------------------------------------------------
2020-05-15 10:06:54.296 [Info] Disposing network... (0ms)

--------------------------------------------------------------------------------
2020-05-15 10:06:54.298 [Info] Saving player database... (2ms)

--------------------------------------------------------------------------------
2020-05-15 10:06:54.301 [Info] Saving game database... (4ms)

--------------------------------------------------------------------------------
2020-05-15 10:06:54.301 [Info] Shutting down the API... (5ms)

--------------------------------------------------------------------------------
2020-05-15 10:06:54.302 [Info] Base dispose. (5ms)

--------------------------------------------------------------------------------
2020-05-15 10:06:54.302 [Info] Finished disposing server context. (6ms)

--------------------------------------------------------------------------------
2020-05-15 10:06:54.302 [Info] GC.SuppressFinalize (7ms)

--------------------------------------------------------------------------------
2020-05-15 10:06:54.302 [Info] InternalDispose() completed. (7ms)

--------------------------------------------------------------------------------
2020-05-15 10:06:54.302 [Info] Clearing instance... (7ms)

--------------------------------------------------------------------------------
2020-05-15 10:06:54.303 [Info] Releasing context lock... (7ms)

--------------------------------------------------------------------------------
2020-05-15 10:06:54.303 [Info] Released. (7ms)

--------------------------------------------------------------------------------
