2020-05-07 09:56:19.536 [Info] Connecting to 127.0.0.1:5400...

--------------------------------------------------------------------------------
2020-05-07 09:56:35.320 [Debug] StatusChanged: [NetIncomingMessage #0 63 bytes] [Disconnected]

--------------------------------------------------------------------------------
2020-05-07 09:56:35.321 [Debug] Unknown client disconnected (00-00-00-00-00-00-00-00).

--------------------------------------------------------------------------------
2020-05-07 09:56:35.322 [Info] Disconnected [00000000-0000-0000-0000-000000000000].

--------------------------------------------------------------------------------
2020-05-07 09:56:35.350 [Info] Connecting to 127.0.0.1:5400...

--------------------------------------------------------------------------------
2020-05-07 09:56:35.824 [Info] Connection approved [00000000-0000-0000-0000-000000000000].

--------------------------------------------------------------------------------
2020-05-07 09:56:35.834 [Debug] Connection established to remote [00000000-0000-0000-0000-000000000000/127.0.0.1:5400].

--------------------------------------------------------------------------------
2020-05-07 09:56:35.834 [Info] Connected [00000000-0000-0000-0000-000000000000].

--------------------------------------------------------------------------------
2020-05-07 09:57:14.070 [Debug] StatusChanged: [NetIncomingMessage #20 10 bytes] [Disconnected]

--------------------------------------------------------------------------------
2020-05-07 09:57:14.070 [Debug] Connectioned terminated to remote [00000000-0000-0000-0000-000000000000/127.0.0.1:5400].

--------------------------------------------------------------------------------
2020-05-07 09:57:14.070 [Info] Disconnected [00000000-0000-0000-0000-000000000000].

--------------------------------------------------------------------------------
