2020-05-07 09:17:47.756 [Info] Connecting to 127.0.0.1:5400...

--------------------------------------------------------------------------------
2020-05-07 09:18:03.600 [Debug] StatusChanged: [NetIncomingMessage #0 63 bytes] [Disconnected]

--------------------------------------------------------------------------------
2020-05-07 09:18:03.601 [Debug] Unknown client disconnected (00-00-00-00-00-00-00-00).

--------------------------------------------------------------------------------
2020-05-07 09:18:03.602 [Info] Disconnected [00000000-0000-0000-0000-000000000000].

--------------------------------------------------------------------------------
2020-05-07 09:18:03.631 [Info] Connecting to 127.0.0.1:5400...

--------------------------------------------------------------------------------
2020-05-07 09:18:07.435 [Info] Connection approved [00000000-0000-0000-0000-000000000000].

--------------------------------------------------------------------------------
2020-05-07 09:18:07.450 [Debug] Connection established to remote [00000000-0000-0000-0000-000000000000/127.0.0.1:5400].

--------------------------------------------------------------------------------
2020-05-07 09:18:07.450 [Info] Connected [00000000-0000-0000-0000-000000000000].

--------------------------------------------------------------------------------
2020-05-07 09:30:01.190 [Debug] StatusChanged: [NetIncomingMessage #78 10 bytes] [Disconnecting]

--------------------------------------------------------------------------------
2020-05-07 09:30:01.191 [Debug] StatusChanged: [NetIncomingMessage #77 10 bytes] [Disconnected]

--------------------------------------------------------------------------------
2020-05-07 09:30:01.192 [Debug] Connectioned terminated to remote [00000000-0000-0000-0000-000000000000/127.0.0.1:5400].

--------------------------------------------------------------------------------
2020-05-07 09:30:01.192 [Info] Disconnected [00000000-0000-0000-0000-000000000000].

--------------------------------------------------------------------------------
