2020-05-06 10:18:32.018 [Info] Connecting to 127.0.0.1:5400...

--------------------------------------------------------------------------------
2020-05-06 10:18:47.780 [Debug] StatusChanged: [NetIncomingMessage #0 63 bytes] [Disconnected]

--------------------------------------------------------------------------------
2020-05-06 10:18:47.781 [Debug] Unknown client disconnected (00-00-00-00-00-00-00-00).

--------------------------------------------------------------------------------
2020-05-06 10:18:47.781 [Info] Disconnected [00000000-0000-0000-0000-000000000000].

--------------------------------------------------------------------------------
2020-05-06 10:18:47.808 [Info] Connecting to 127.0.0.1:5400...

--------------------------------------------------------------------------------
2020-05-06 10:18:54.628 [Info] Connection approved [00000000-0000-0000-0000-000000000000].

--------------------------------------------------------------------------------
2020-05-06 10:18:54.639 [Debug] Connection established to remote [00000000-0000-0000-0000-000000000000/127.0.0.1:5400].

--------------------------------------------------------------------------------
2020-05-06 10:18:54.639 [Info] Connected [00000000-0000-0000-0000-000000000000].

--------------------------------------------------------------------------------
2020-05-06 10:28:11.485 [Debug] StatusChanged: [NetIncomingMessage #19 10 bytes] [Disconnecting]

--------------------------------------------------------------------------------
2020-05-06 10:28:11.490 [Debug] StatusChanged: [NetIncomingMessage #21 10 bytes] [Disconnected]

--------------------------------------------------------------------------------
2020-05-06 10:28:11.491 [Debug] Connectioned terminated to remote [00000000-0000-0000-0000-000000000000/127.0.0.1:5400].

--------------------------------------------------------------------------------
2020-05-06 10:28:11.491 [Info] Disconnected [00000000-0000-0000-0000-000000000000].

--------------------------------------------------------------------------------
