2020-05-06 11:32:18.173 [Info] Connecting to 127.0.0.1:5400...

--------------------------------------------------------------------------------
2020-05-06 11:32:33.951 [Debug] StatusChanged: [NetIncomingMessage #0 63 bytes] [Disconnected]

--------------------------------------------------------------------------------
2020-05-06 11:32:33.952 [Debug] Unknown client disconnected (00-00-00-00-00-00-00-00).

--------------------------------------------------------------------------------
2020-05-06 11:32:33.953 [Info] Disconnected [00000000-0000-0000-0000-000000000000].

--------------------------------------------------------------------------------
2020-05-06 11:32:33.980 [Info] Connecting to 127.0.0.1:5400...

--------------------------------------------------------------------------------
2020-05-06 11:32:34.833 [Info] Connection approved [00000000-0000-0000-0000-000000000000].

--------------------------------------------------------------------------------
2020-05-06 11:32:34.843 [Debug] Connection established to remote [00000000-0000-0000-0000-000000000000/127.0.0.1:5400].

--------------------------------------------------------------------------------
2020-05-06 11:32:34.843 [Info] Connected [00000000-0000-0000-0000-000000000000].

--------------------------------------------------------------------------------
2020-05-06 11:33:28.700 [Debug] StatusChanged: [NetIncomingMessage #0 10 bytes] [Disconnected]

--------------------------------------------------------------------------------
2020-05-06 11:33:28.700 [Debug] Connectioned terminated to remote [00000000-0000-0000-0000-000000000000/127.0.0.1:5400].

--------------------------------------------------------------------------------
2020-05-06 11:33:28.700 [Info] Disconnected [00000000-0000-0000-0000-000000000000].

--------------------------------------------------------------------------------
2020-05-06 11:33:28.732 [Info] Connecting to 127.0.0.1:5400...

--------------------------------------------------------------------------------
2020-05-06 11:33:31.077 [Debug] StatusChanged: [NetIncomingMessage #0 10 bytes] [Disconnecting]

--------------------------------------------------------------------------------
2020-05-06 11:33:31.080 [Debug] StatusChanged: [NetIncomingMessage #0 10 bytes] [Disconnected]

--------------------------------------------------------------------------------
2020-05-06 11:33:31.080 [Debug] Unknown client disconnected (00-00-00-00-00-00-00-00).

--------------------------------------------------------------------------------
2020-05-06 11:33:31.080 [Info] Disconnected [00000000-0000-0000-0000-000000000000].

--------------------------------------------------------------------------------
