2020-05-15 09:18:27.105 [Info] Connecting to 127.0.0.1:5400...

--------------------------------------------------------------------------------
2020-05-15 09:18:42.825 [Debug] StatusChanged: [NetIncomingMessage #0 63 bytes] [Disconnected]

--------------------------------------------------------------------------------
2020-05-15 09:18:42.826 [Debug] Unknown client disconnected (00-00-00-00-00-00-00-00).

--------------------------------------------------------------------------------
2020-05-15 09:18:42.827 [Info] Disconnected [00000000-0000-0000-0000-000000000000].

--------------------------------------------------------------------------------
2020-05-15 09:18:42.858 [Info] Connecting to 127.0.0.1:5400...

--------------------------------------------------------------------------------
2020-05-15 09:18:42.871 [Info] Connecting to 127.0.0.1:5400...

--------------------------------------------------------------------------------
2020-05-15 09:18:46.532 [Info] Connection approved [00000000-0000-0000-0000-000000000000].

--------------------------------------------------------------------------------
2020-05-15 09:18:46.543 [Debug] Connection established to remote [00000000-0000-0000-0000-000000000000/127.0.0.1:5400].

--------------------------------------------------------------------------------
2020-05-15 09:18:46.544 [Info] Connected [00000000-0000-0000-0000-000000000000].

--------------------------------------------------------------------------------
2020-05-15 09:18:46.669 [Info] Connection approved [00000000-0000-0000-0000-000000000000].

--------------------------------------------------------------------------------
2020-05-15 09:18:46.671 [Debug] Connection established to remote [00000000-0000-0000-0000-000000000000/127.0.0.1:5400].

--------------------------------------------------------------------------------
2020-05-15 09:18:46.671 [Info] Connected [00000000-0000-0000-0000-000000000000].

--------------------------------------------------------------------------------
2020-05-15 09:19:37.167 [Debug] StatusChanged: [NetIncomingMessage #4 10 bytes] [Disconnecting]

--------------------------------------------------------------------------------
2020-05-15 09:19:37.170 [Debug] StatusChanged: [NetIncomingMessage #5 10 bytes] [Disconnected]

--------------------------------------------------------------------------------
2020-05-15 09:19:37.170 [Debug] Connectioned terminated to remote [00000000-0000-0000-0000-000000000000/127.0.0.1:5400].

--------------------------------------------------------------------------------
2020-05-15 09:19:37.170 [Info] Disconnected [00000000-0000-0000-0000-000000000000].

--------------------------------------------------------------------------------
